Arguments: 
  C:\Program Files\nodejs\node.exe C:\Users\galen\AppData\Roaming\npm\node_modules\yarn\bin\yarn.js add i18next-http-backend

PATH: 
  C:\Windows\system32;C:\Windows;C:\Windows\System32\Wbem;C:\Windows\System32\WindowsPowerShell\v1.0\;C:\Windows\System32\OpenSSH\;C:\Program Files\Git\cmd;C:\Program Files\Go\bin;C:\Program Files (x86)\NVIDIA Corporation\PhysX\Common;C:\Program Files\mingw-w64\x86_64-8.1.0-win32-seh-rt_v6-rev0\mingw64\bin;C:\Program Files\nodejs\;C:\Program Files\NVIDIA Corporation\NVIDIA NvDLISR;C:\Users\galen\AppData\Local\Programs\Python\Python310\Scripts\;C:\Users\galen\AppData\Local\Programs\Python\Python310\;C:\Users\galen\AppData\Local\Microsoft\WindowsApps;C:\Program Files\JetBrains\GoLand 2021.3.1\bin;;C:\Program Files\JetBrains\WebStorm 2021.3\bin;;C:\Users\galen\go\bin;C:\Program Files\mingw-w64\x86_64-8.1.0-win32-seh-rt_v6-rev0\mingw64\bin;C:\Users\galen\AppData\Roaming\npm;C:\Program Files\JetBrains\PyCharm Community Edition 2021.3\bin;;C:\Users\galen\Desktop\web-things\app\node_modules\.bin

Yarn version: 
  1.22.17

Node version: 
  16.13.1

Platform: 
  win32 x64

Trace: 
  Error: EPERM: operation not permitted, unlink 'C:\Users\galen\Desktop\web-things\app\node_modules\esbuild-windows-64\esbuild.exe'

npm manifest: 
  {
    "name": "app",
    "version": "0.0.1",
    "private": true,
    "scripts": {
      "dev": "vite --open",
      "build": "vite build",
      "preview": "vite preview"
    },
    "dependencies": {
      "@emotion/react": "^11.7.1",
      "@emotion/styled": "^11.6.0",
      "@mui/icons-material": "^5.4.2",
      "@mui/material": "^5.4.3",
      "@mui/styled-engine-sc": "^5.4.2",
      "@mui/styles": "^5.4.2",
      "babel": "^6.23.0",
      "clsx": "^1.1.1",
      "fluent": "^0.13.0",
      "i18next": "^21.6.11",
      "i18next-browser-languagedetector": "^6.1.2",
      "react": "^17.0.2",
      "react-dom": "^17.0.2",
      "react-i18next": "^11.15.5",
      "react-router-dom": "^6.2.1",
      "styled-components": "^5.3.3"
    },
    "devDependencies": {
      "@vitejs/plugin-react": "^1.2.0",
      "typescript": "^4.5.5",
      "vite": "^2.8.4",
      "vite-plugin-mock": "^2.9.6"
    }
  }

yarn manifest: 
  No manifest

Lockfile: 
  # THIS IS AN AUTOGENERATED FILE. DO NOT EDIT THIS FILE DIRECTLY.
  # yarn lockfile v1
  
  
  "@ampproject/remapping@^2.1.0":
    "integrity" "sha512-hoyByceqwKirw7w3Z7gnIIZC3Wx3J484Y3L/cMpXFbr7d9ZQj2mODrirNzcJa+SM3UlpWXYvKV4RlRpFXlWgXg=="
    "resolved" "https://registry.npmmirror.com/@ampproject/remapping/-/remapping-2.1.2.tgz"
    "version" "2.1.2"
    dependencies:
      "@jridgewell/trace-mapping" "^0.3.0"
  
  "@babel/code-frame@^7.0.0", "@babel/code-frame@^7.16.7":
    "integrity" "sha512-iAXqUn8IIeBTNd72xsFlgaXHkMBMt6y4HJp1tIaK465CWLT/fG1aqB7ykr95gHHmlBdGbFeWWfyB4NJJ0nmeIg=="
    "resolved" "https://registry.npmmirror.com/@babel/code-frame/-/code-frame-7.16.7.tgz"
    "version" "7.16.7"
    dependencies:
      "@babel/highlight" "^7.16.7"
  
  "@babel/compat-data@^7.16.4":
    "integrity" "sha512-392byTlpGWXMv4FbyWw3sAZ/FrW/DrwqLGXpy0mbyNe9Taqv1mg9yON5/o0cnr8XYCkFTZbC1eV+c+LAROgrng=="
    "resolved" "https://registry.npmmirror.com/@babel/compat-data/-/compat-data-7.17.0.tgz"
    "version" "7.17.0"
  
  "@babel/core@^7.0.0", "@babel/core@^7.0.0-0", "@babel/core@^7.16.12":
    "integrity" "sha512-/BBMw4EvjmyquN5O+t5eh0+YqB3XXJkYD2cjKpYtWOfFy4lQ4UozNSmxAcWT8r2XtZs0ewG+zrfsqeR15i1ajA=="
    "resolved" "https://registry.npmmirror.com/@babel/core/-/core-7.17.5.tgz"
    "version" "7.17.5"
    dependencies:
      "@ampproject/remapping" "^2.1.0"
      "@babel/code-frame" "^7.16.7"
      "@babel/generator" "^7.17.3"
      "@babel/helper-compilation-targets" "^7.16.7"
      "@babel/helper-module-transforms" "^7.16.7"
      "@babel/helpers" "^7.17.2"
      "@babel/parser" "^7.17.3"
      "@babel/template" "^7.16.7"
      "@babel/traverse" "^7.17.3"
      "@babel/types" "^7.17.0"
      "convert-source-map" "^1.7.0"
      "debug" "^4.1.0"
      "gensync" "^1.0.0-beta.2"
      "json5" "^2.1.2"
      "semver" "^6.3.0"
  
  "@babel/generator@^7.17.3":
    "integrity" "sha512-+R6Dctil/MgUsZsZAkYgK+ADNSZzJRRy0TvY65T71z/CR854xHQ1EweBYXdfT+HNeN7w0cSJJEzgxZMv40pxsg=="
    "resolved" "https://registry.npmmirror.com/@babel/generator/-/generator-7.17.3.tgz"
    "version" "7.17.3"
    dependencies:
      "@babel/types" "^7.17.0"
      "jsesc" "^2.5.1"
      "source-map" "^0.5.0"
  
  "@babel/helper-annotate-as-pure@^7.16.0", "@babel/helper-annotate-as-pure@^7.16.7":
    "integrity" "sha512-s6t2w/IPQVTAET1HitoowRGXooX8mCgtuP5195wD/QJPV6wYjpujCGF7JuMODVX2ZAJOf1GT6DT9MHEZvLOFSw=="
    "resolved" "https://registry.npmmirror.com/@babel/helper-annotate-as-pure/-/helper-annotate-as-pure-7.16.7.tgz"
    "version" "7.16.7"
    dependencies:
      "@babel/types" "^7.16.7"
  
  "@babel/helper-compilation-targets@^7.16.7":
    "integrity" "sha512-mGojBwIWcwGD6rfqgRXVlVYmPAv7eOpIemUG3dGnDdCY4Pae70ROij3XmfrH6Fa1h1aiDylpglbZyktfzyo/hA=="
    "resolved" "https://registry.npmmirror.com/@babel/helper-compilation-targets/-/helper-compilation-targets-7.16.7.tgz"
    "version" "7.16.7"
    dependencies:
      "@babel/compat-data" "^7.16.4"
      "@babel/helper-validator-option" "^7.16.7"
      "browserslist" "^4.17.5"
      "semver" "^6.3.0"
  
  "@babel/helper-environment-visitor@^7.16.7":
    "integrity" "sha512-SLLb0AAn6PkUeAfKJCCOl9e1R53pQlGAfc4y4XuMRZfqeMYLE0dM1LMhqbGAlGQY0lfw5/ohoYWAe9V1yibRag=="
    "resolved" "https://registry.npmmirror.com/@babel/helper-environment-visitor/-/helper-environment-visitor-7.16.7.tgz"
    "version" "7.16.7"
    dependencies:
      "@babel/types" "^7.16.7"
  
  "@babel/helper-function-name@^7.16.7":
    "integrity" "sha512-QfDfEnIUyyBSR3HtrtGECuZ6DAyCkYFp7GHl75vFtTnn6pjKeK0T1DB5lLkFvBea8MdaiUABx3osbgLyInoejA=="
    "resolved" "https://registry.npmmirror.com/@babel/helper-function-name/-/helper-function-name-7.16.7.tgz"
    "version" "7.16.7"
    dependencies:
      "@babel/helper-get-function-arity" "^7.16.7"
      "@babel/template" "^7.16.7"
      "@babel/types" "^7.16.7"
  
  "@babel/helper-get-function-arity@^7.16.7":
    "integrity" "sha512-flc+RLSOBXzNzVhcLu6ujeHUrD6tANAOU5ojrRx/as+tbzf8+stUCj7+IfRRoAbEZqj/ahXEMsjhOhgeZsrnTw=="
    "resolved" "https://registry.npmmirror.com/@babel/helper-get-function-arity/-/helper-get-function-arity-7.16.7.tgz"
    "version" "7.16.7"
    dependencies:
      "@babel/types" "^7.16.7"
  
  "@babel/helper-hoist-variables@^7.16.7":
    "integrity" "sha512-m04d/0Op34H5v7pbZw6pSKP7weA6lsMvfiIAMeIvkY/R4xQtBSMFEigu9QTZ2qB/9l22vsxtM8a+Q8CzD255fg=="
    "resolved" "https://registry.npmmirror.com/@babel/helper-hoist-variables/-/helper-hoist-variables-7.16.7.tgz"
    "version" "7.16.7"
    dependencies:
      "@babel/types" "^7.16.7"
  
  "@babel/helper-module-imports@^7.0.0", "@babel/helper-module-imports@^7.12.13", "@babel/helper-module-imports@^7.16.0", "@babel/helper-module-imports@^7.16.7":
    "integrity" "sha512-LVtS6TqjJHFc+nYeITRo6VLXve70xmq7wPhWTqDJusJEgGmkAACWwMiTNrvfoQo6hEhFwAIixNkvB0jPXDL8Wg=="
    "resolved" "https://registry.npmmirror.com/@babel/helper-module-imports/-/helper-module-imports-7.16.7.tgz"
    "version" "7.16.7"
    dependencies:
      "@babel/types" "^7.16.7"
  
  "@babel/helper-module-transforms@^7.16.7":
    "integrity" "sha512-2ULmRdqoOMpdvkbT8jONrZML/XALfzxlb052bldftkicAUy8AxSCkD5trDPQcwHNmolcl7wP6ehNqMlyUw6AaA=="
    "resolved" "https://registry.npmmirror.com/@babel/helper-module-transforms/-/helper-module-transforms-7.17.6.tgz"
    "version" "7.17.6"
    dependencies:
      "@babel/helper-environment-visitor" "^7.16.7"
      "@babel/helper-module-imports" "^7.16.7"
      "@babel/helper-simple-access" "^7.16.7"
      "@babel/helper-split-export-declaration" "^7.16.7"
      "@babel/helper-validator-identifier" "^7.16.7"
      "@babel/template" "^7.16.7"
      "@babel/traverse" "^7.17.3"
      "@babel/types" "^7.17.0"
  
  "@babel/helper-plugin-utils@^7.16.7":
    "integrity" "sha512-Qg3Nk7ZxpgMrsox6HreY1ZNKdBq7K72tDSliA6dCl5f007jR4ne8iD5UzuNnCJH2xBf2BEEVGr+/OL6Gdp7RxA=="
    "resolved" "https://registry.npmmirror.com/@babel/helper-plugin-utils/-/helper-plugin-utils-7.16.7.tgz"
    "version" "7.16.7"
  
  "@babel/helper-simple-access@^7.16.7":
    "integrity" "sha512-ZIzHVyoeLMvXMN/vok/a4LWRy8G2v205mNP0XOuf9XRLyX5/u9CnVulUtDgUTama3lT+bf/UqucuZjqiGuTS1g=="
    "resolved" "https://registry.npmmirror.com/@babel/helper-simple-access/-/helper-simple-access-7.16.7.tgz"
    "version" "7.16.7"
    dependencies:
      "@babel/types" "^7.16.7"
  
  "@babel/helper-split-export-declaration@^7.16.7":
    "integrity" "sha512-xbWoy/PFoxSWazIToT9Sif+jJTlrMcndIsaOKvTA6u7QEo7ilkRZpjew18/W3c7nm8fXdUDXh02VXTbZ0pGDNw=="
    "resolved" "https://registry.npmmirror.com/@babel/helper-split-export-declaration/-/helper-split-export-declaration-7.16.7.tgz"
    "version" "7.16.7"
    dependencies:
      "@babel/types" "^7.16.7"
  
  "@babel/helper-validator-identifier@^7.16.7":
    "integrity" "sha512-hsEnFemeiW4D08A5gUAZxLBTXpZ39P+a+DGDsHw1yxqyQ/jzFEnxf5uTEGp+3bzAbNOxU1paTgYS4ECU/IgfDw=="
    "resolved" "https://registry.npmmirror.com/@babel/helper-validator-identifier/-/helper-validator-identifier-7.16.7.tgz"
    "version" "7.16.7"
  
  "@babel/helper-validator-option@^7.16.7":
    "integrity" "sha512-TRtenOuRUVo9oIQGPC5G9DgK4743cdxvtOw0weQNpZXaS16SCBi5MNjZF8vba3ETURjZpTbVn7Vvcf2eAwFozQ=="
    "resolved" "https://registry.npmmirror.com/@babel/helper-validator-option/-/helper-validator-option-7.16.7.tgz"
    "version" "7.16.7"
  
  "@babel/helpers@^7.17.2":
    "integrity" "sha512-0Qu7RLR1dILozr/6M0xgj+DFPmi6Bnulgm9M8BVa9ZCWxDqlSnqt3cf8IDPB5m45sVXUZ0kuQAgUrdSFFH79fQ=="
    "resolved" "https://registry.npmmirror.com/@babel/helpers/-/helpers-7.17.2.tgz"
    "version" "7.17.2"
    dependencies:
      "@babel/template" "^7.16.7"
      "@babel/traverse" "^7.17.0"
      "@babel/types" "^7.17.0"
  
  "@babel/highlight@^7.16.7":
    "integrity" "sha512-5FnTQLSLswEj6IkgVw5KusNUUFY9ZGqe/TRFnP/BKYHYgfh7tc+C7mwiy95/yNP7Dh9x580Vv8r7u7ZfTBFxdw=="
    "resolved" "https://registry.npmmirror.com/@babel/highlight/-/highlight-7.16.10.tgz"
    "version" "7.16.10"
    dependencies:
      "@babel/helper-validator-identifier" "^7.16.7"
      "chalk" "^2.0.0"
      "js-tokens" "^4.0.0"
  
  "@babel/parser@^7.16.7", "@babel/parser@^7.17.3":
    "integrity" "sha512-7yJPvPV+ESz2IUTPbOL+YkIGyCqOyNIzdguKQuJGnH7bg1WTIifuM21YqokFt/THWh1AkCRn9IgoykTRCBVpzA=="
    "resolved" "https://registry.npmmirror.com/@babel/parser/-/parser-7.17.3.tgz"
    "version" "7.17.3"
  
  "@babel/plugin-syntax-jsx@^7.12.13", "@babel/plugin-syntax-jsx@^7.16.7":
    "integrity" "sha512-Esxmk7YjA8QysKeT3VhTXvF6y77f/a91SIs4pWb4H2eWGQkCKFgQaG6hdoEVZtGsrAcb2K5BW66XsOErD4WU3Q=="
    "resolved" "https://registry.npmmirror.com/@babel/plugin-syntax-jsx/-/plugin-syntax-jsx-7.16.7.tgz"
    "version" "7.16.7"
    dependencies:
      "@babel/helper-plugin-utils" "^7.16.7"
  
  "@babel/plugin-transform-react-jsx-development@^7.16.7":
    "integrity" "sha512-RMvQWvpla+xy6MlBpPlrKZCMRs2AGiHOGHY3xRwl0pEeim348dDyxeH4xBsMPbIMhujeq7ihE702eM2Ew0Wo+A=="
    "resolved" "https://registry.npmmirror.com/@babel/plugin-transform-react-jsx-development/-/plugin-transform-react-jsx-development-7.16.7.tgz"
    "version" "7.16.7"
    dependencies:
      "@babel/plugin-transform-react-jsx" "^7.16.7"
  
  "@babel/plugin-transform-react-jsx-self@^7.16.7":
    "integrity" "sha512-oe5VuWs7J9ilH3BCCApGoYjHoSO48vkjX2CbA5bFVhIuO2HKxA3vyF7rleA4o6/4rTDbk6r8hBW7Ul8E+UZrpA=="
    "resolved" "https://registry.npmmirror.com/@babel/plugin-transform-react-jsx-self/-/plugin-transform-react-jsx-self-7.16.7.tgz"
    "version" "7.16.7"
    dependencies:
      "@babel/helper-plugin-utils" "^7.16.7"
  
  "@babel/plugin-transform-react-jsx-source@^7.16.7":
    "integrity" "sha512-rONFiQz9vgbsnaMtQlZCjIRwhJvlrPET8TabIUK2hzlXw9B9s2Ieaxte1SCOOXMbWRHodbKixNf3BLcWVOQ8Bw=="
    "resolved" "https://registry.npmmirror.com/@babel/plugin-transform-react-jsx-source/-/plugin-transform-react-jsx-source-7.16.7.tgz"
    "version" "7.16.7"
    dependencies:
      "@babel/helper-plugin-utils" "^7.16.7"
  
  "@babel/plugin-transform-react-jsx@^7.16.7":
    "integrity" "sha512-9tjBm4O07f7mzKSIlEmPdiE6ub7kfIe6Cd+w+oQebpATfTQMAgW+YOuWxogbKVTulA+MEO7byMeIUtQ1z+z+ZQ=="
    "resolved" "https://registry.npmmirror.com/@babel/plugin-transform-react-jsx/-/plugin-transform-react-jsx-7.17.3.tgz"
    "version" "7.17.3"
    dependencies:
      "@babel/helper-annotate-as-pure" "^7.16.7"
      "@babel/helper-module-imports" "^7.16.7"
      "@babel/helper-plugin-utils" "^7.16.7"
      "@babel/plugin-syntax-jsx" "^7.16.7"
      "@babel/types" "^7.17.0"
  
  "@babel/runtime@^7.12.0", "@babel/runtime@^7.13.10", "@babel/runtime@^7.14.5", "@babel/runtime@^7.14.6", "@babel/runtime@^7.17.0", "@babel/runtime@^7.3.1", "@babel/runtime@^7.5.5", "@babel/runtime@^7.7.2", "@babel/runtime@^7.7.6", "@babel/runtime@^7.8.3", "@babel/runtime@^7.8.7":
    "integrity" "sha512-hzeyJyMA1YGdJTuWU0e/j4wKXrU4OMFvY2MSlaI9B7VQb0r5cxTE3EAIS2Q7Tn2RIcDkRvTA/v2JsAEhxe99uw=="
    "resolved" "https://registry.npmmirror.com/@babel/runtime/-/runtime-7.17.2.tgz"
    "version" "7.17.2"
    dependencies:
      "regenerator-runtime" "^0.13.4"
  
  "@babel/template@^7.16.7":
    "integrity" "sha512-I8j/x8kHUrbYRTUxXrrMbfCa7jxkE7tZre39x3kjr9hvI82cK1FfqLygotcWN5kdPGWcLdWMHpSBavse5tWw3w=="
    "resolved" "https://registry.npmmirror.com/@babel/template/-/template-7.16.7.tgz"
    "version" "7.16.7"
    dependencies:
      "@babel/code-frame" "^7.16.7"
      "@babel/parser" "^7.16.7"
      "@babel/types" "^7.16.7"
  
  "@babel/traverse@^7.17.0", "@babel/traverse@^7.17.3", "@babel/traverse@^7.4.5":
    "integrity" "sha512-5irClVky7TxRWIRtxlh2WPUUOLhcPN06AGgaQSB8AEwuyEBgJVuJ5imdHm5zxk8w0QS5T+tDfnDxAlhWjpb7cw=="
    "resolved" "https://registry.npmmirror.com/@babel/traverse/-/traverse-7.17.3.tgz"
    "version" "7.17.3"
    dependencies:
      "@babel/code-frame" "^7.16.7"
      "@babel/generator" "^7.17.3"
      "@babel/helper-environment-visitor" "^7.16.7"
      "@babel/helper-function-name" "^7.16.7"
      "@babel/helper-hoist-variables" "^7.16.7"
      "@babel/helper-split-export-declaration" "^7.16.7"
      "@babel/parser" "^7.17.3"
      "@babel/types" "^7.17.0"
      "debug" "^4.1.0"
      "globals" "^11.1.0"
  
  "@babel/types@^7.16.7", "@babel/types@^7.17.0":
    "integrity" "sha512-TmKSNO4D5rzhL5bjWFcVHHLETzfQ/AmbKpKPOSjlP0WoHZ6L911fgoOKY4Alp/emzG4cHJdyN49zpgkbXFEHHw=="
    "resolved" "https://registry.npmmirror.com/@babel/types/-/types-7.17.0.tgz"
    "version" "7.17.0"
    dependencies:
      "@babel/helper-validator-identifier" "^7.16.7"
      "to-fast-properties" "^2.0.0"
  
  "@emotion/babel-plugin@^11.3.0":
    "integrity" "sha512-6mGSCWi9UzXut/ZAN6lGFu33wGR3SJisNl3c0tvlmb8XChH1b2SUvxvnOh7hvLpqyRdHHU9AiazV3Cwbk5SXKQ=="
    "resolved" "https://registry.npmmirror.com/@emotion/babel-plugin/download/@emotion/babel-plugin-11.7.2.tgz"
    "version" "11.7.2"
    dependencies:
      "@babel/helper-module-imports" "^7.12.13"
      "@babel/plugin-syntax-jsx" "^7.12.13"
      "@babel/runtime" "^7.13.10"
      "@emotion/hash" "^0.8.0"
      "@emotion/memoize" "^0.7.5"
      "@emotion/serialize" "^1.0.2"
      "babel-plugin-macros" "^2.6.1"
      "convert-source-map" "^1.5.0"
      "escape-string-regexp" "^4.0.0"
      "find-root" "^1.1.0"
      "source-map" "^0.5.7"
      "stylis" "4.0.13"
  
  "@emotion/cache@^11.7.1":
    "integrity" "sha512-r65Zy4Iljb8oyjtLeCuBH8Qjiy107dOYC6SJq7g7GV5UCQWMObY4SJDPGFjiiVpPrOJ2hmJOoBiYTC7hwx9E2A=="
    "resolved" "https://registry.npmmirror.com/@emotion/cache/download/@emotion/cache-11.7.1.tgz"
    "version" "11.7.1"
    dependencies:
      "@emotion/memoize" "^0.7.4"
      "@emotion/sheet" "^1.1.0"
      "@emotion/utils" "^1.0.0"
      "@emotion/weak-memoize" "^0.2.5"
      "stylis" "4.0.13"
  
  "@emotion/hash@^0.8.0":
    "integrity" "sha1-u7/2iXj+/b5ozLUzvIy+HRr7VBM="
    "resolved" "https://registry.nlark.com/@emotion/hash/download/@emotion/hash-0.8.0.tgz"
    "version" "0.8.0"
  
  "@emotion/is-prop-valid@^0.8.8":
    "integrity" "sha1-2yixxDaKJZtgqXMR1qlS1P0BrBo="
    "resolved" "https://registry.npmmirror.com/@emotion/is-prop-valid/download/@emotion/is-prop-valid-0.8.8.tgz"
    "version" "0.8.8"
    dependencies:
      "@emotion/memoize" "0.7.4"
  
  "@emotion/is-prop-valid@^1.1.1":
    "integrity" "sha512-bW1Tos67CZkOURLc0OalnfxtSXQJMrAMV0jZTVGJUPSOd4qgjF3+tTD5CwJM13PHA8cltGW1WGbbvV9NpvUZPw=="
    "resolved" "https://registry.npmmirror.com/@emotion/is-prop-valid/download/@emotion/is-prop-valid-1.1.1.tgz"
    "version" "1.1.1"
    dependencies:
      "@emotion/memoize" "^0.7.4"
  
  "@emotion/memoize@^0.7.4", "@emotion/memoize@^0.7.5":
    "integrity" "sha1-LED4FEmk5VTp/GOWkQ7UhD7CvlA="
    "resolved" "https://registry.npm.taobao.org/@emotion/memoize/download/@emotion/memoize-0.7.5.tgz"
    "version" "0.7.5"
  
  "@emotion/memoize@0.7.4":
    "integrity" "sha1-Gb8PWvGRSREcQNmLsM+CEZ9dnus="
    "resolved" "https://registry.npm.taobao.org/@emotion/memoize/download/@emotion/memoize-0.7.4.tgz"
    "version" "0.7.4"
  
  "@emotion/react@^11.0.0-rc.0", "@emotion/react@^11.4.1", "@emotion/react@^11.5.0", "@emotion/react@^11.7.1":
    "integrity" "sha512-DV2Xe3yhkF1yT4uAUoJcYL1AmrnO5SVsdfvu+fBuS7IbByDeTVx9+wFmvx9Idzv7/78+9Mgx2Hcmr7Fex3tIyw=="
    "resolved" "https://registry.npmmirror.com/@emotion/react/download/@emotion/react-11.7.1.tgz"
    "version" "11.7.1"
    dependencies:
      "@babel/runtime" "^7.13.10"
      "@emotion/cache" "^11.7.1"
      "@emotion/serialize" "^1.0.2"
      "@emotion/sheet" "^1.1.0"
      "@emotion/utils" "^1.0.0"
      "@emotion/weak-memoize" "^0.2.5"
      "hoist-non-react-statics" "^3.3.1"
  
  "@emotion/serialize@^1.0.2":
    "integrity" "sha1-d8shoFccn2jrZgh3VKZfqXv82WU="
    "resolved" "https://registry.npm.taobao.org/@emotion/serialize/download/@emotion/serialize-1.0.2.tgz"
    "version" "1.0.2"
    dependencies:
      "@emotion/hash" "^0.8.0"
      "@emotion/memoize" "^0.7.4"
      "@emotion/unitless" "^0.7.5"
      "@emotion/utils" "^1.0.0"
      "csstype" "^3.0.2"
  
  "@emotion/sheet@^1.1.0":
    "integrity" "sha512-u0AX4aSo25sMAygCuQTzS+HsImZFuS8llY8O7b9MDRzbJM0kVJlAz6KNDqcG7pOuQZJmj/8X/rAW+66kMnMW+g=="
    "resolved" "https://registry.npmmirror.com/@emotion/sheet/download/@emotion/sheet-1.1.0.tgz"
    "version" "1.1.0"
  
  "@emotion/styled@^11.3.0", "@emotion/styled@^11.6.0":
    "integrity" "sha512-mxVtVyIOTmCAkFbwIp+nCjTXJNgcz4VWkOYQro87jE2QBTydnkiYusMrRGFtzuruiGK4dDaNORk4gH049iiQuw=="
    "resolved" "https://registry.npmmirror.com/@emotion/styled/download/@emotion/styled-11.6.0.tgz"
    "version" "11.6.0"
    dependencies:
      "@babel/runtime" "^7.13.10"
      "@emotion/babel-plugin" "^11.3.0"
      "@emotion/is-prop-valid" "^1.1.1"
      "@emotion/serialize" "^1.0.2"
      "@emotion/utils" "^1.0.0"
  
  "@emotion/stylis@^0.8.4":
    "integrity" "sha1-3qyzib1u530ef8rMzp4WxcfnjgQ="
    "resolved" "https://registry.npmmirror.com/@emotion/stylis/download/@emotion/stylis-0.8.5.tgz"
    "version" "0.8.5"
  
  "@emotion/unitless@^0.7.4", "@emotion/unitless@^0.7.5":
    "integrity" "sha1-dyESkcGQCnALinjPr9oxYNdpSe0="
    "resolved" "https://registry.npm.taobao.org/@emotion/unitless/download/@emotion/unitless-0.7.5.tgz"
    "version" "0.7.5"
  
  "@emotion/utils@^1.0.0":
    "integrity" "sha1-q+BqgxYLEFcIFskTmQJFgTov1q8="
    "resolved" "https://registry.npm.taobao.org/@emotion/utils/download/@emotion/utils-1.0.0.tgz"
    "version" "1.0.0"
  
  "@emotion/weak-memoize@^0.2.5":
    "integrity" "sha1-ju2YLi7m9/TkTCU+EpYpgHke/UY="
    "resolved" "https://registry.npm.taobao.org/@emotion/weak-memoize/download/@emotion/weak-memoize-0.2.5.tgz"
    "version" "0.2.5"
  
  "@jridgewell/resolve-uri@^3.0.3":
    "integrity" "sha512-VPeQ7+wH0itvQxnG+lIzWgkysKIr3L9sslimFW55rHMdGu/qCQ5z5h9zq4gI8uBtqkpHhsF4Z/OwExufUCThew=="
    "resolved" "https://registry.npmmirror.com/@jridgewell/resolve-uri/-/resolve-uri-3.0.5.tgz"
    "version" "3.0.5"
  
  "@jridgewell/sourcemap-codec@^1.4.10":
    "integrity" "sha512-Fg32GrJo61m+VqYSdRSjRXMjQ06j8YIYfcTqndLYVAaHmroZHLJZCydsWBOTDqXS2v+mjxohBWEMfg97GXmYQg=="
    "resolved" "https://registry.npmmirror.com/@jridgewell/sourcemap-codec/-/sourcemap-codec-1.4.11.tgz"
    "version" "1.4.11"
  
  "@jridgewell/trace-mapping@^0.3.0":
    "integrity" "sha512-vFv9ttIedivx0ux3QSjhgtCVjPZd5l46ZOMDSCwnH1yUO2e964gO8LZGyv2QkqcgR6TnBU1v+1IFqmeoG+0UJQ=="
    "resolved" "https://registry.npmmirror.com/@jridgewell/trace-mapping/-/trace-mapping-0.3.4.tgz"
    "version" "0.3.4"
    dependencies:
      "@jridgewell/resolve-uri" "^3.0.3"
      "@jridgewell/sourcemap-codec" "^1.4.10"
  
  "@mui/base@5.0.0-alpha.69":
    "integrity" "sha512-IxUUj/lkilCTNBIybQxyQGW/zpxFp490G0QBQJgRp9TJkW2PWSTLvAH7gcH0YHd0L2TAf1TRgfdemoRseMzqQA=="
    "resolved" "https://registry.npmmirror.com/@mui/base/-/base-5.0.0-alpha.69.tgz"
    "version" "5.0.0-alpha.69"
    dependencies:
      "@babel/runtime" "^7.17.0"
      "@emotion/is-prop-valid" "^1.1.1"
      "@mui/utils" "^5.4.2"
      "@popperjs/core" "^2.4.4"
      "clsx" "^1.1.1"
      "prop-types" "^15.7.2"
      "react-is" "^17.0.2"
  
  "@mui/icons-material@^5.4.2":
    "integrity" "sha512-7c+G3jBT+e+pN0a9DJ0Bd8Kr1Vy6os5Q1yd2aXcwuhlRI3uzJBLJ8sX6FSWoh5DSEBchb7Bsk1uHz6U0YN9l+Q=="
    "resolved" "https://registry.npmmirror.com/@mui/icons-material/-/icons-material-5.4.2.tgz"
    "version" "5.4.2"
    dependencies:
      "@babel/runtime" "^7.17.0"
  
  "@mui/material@^5.0.0", "@mui/material@^5.4.3":
    "integrity" "sha512-E2K402xjz3U09mTgrVYj+vUACeOppV41uEcu9GSkm7QSg4Nzy48WkdaiGL7TRCyH0T8HsonFSMJvCpwyQbD6iw=="
    "resolved" "https://registry.npmmirror.com/@mui/material/-/material-5.4.3.tgz"
    "version" "5.4.3"
    dependencies:
      "@babel/runtime" "^7.17.0"
      "@mui/base" "5.0.0-alpha.69"
      "@mui/system" "^5.4.3"
      "@mui/types" "^7.1.2"
      "@mui/utils" "^5.4.2"
      "@types/react-transition-group" "^4.4.4"
      "clsx" "^1.1.1"
      "csstype" "^3.0.10"
      "hoist-non-react-statics" "^3.3.2"
      "prop-types" "^15.7.2"
      "react-is" "^17.0.2"
      "react-transition-group" "^4.4.2"
  
  "@mui/private-theming@^5.4.2":
    "integrity" "sha512-mlPDYYko4wIcwXjCPEmOWbNTT4DZ6h9YHdnRtQPnWM28+TRUHEo7SbydnnmVDQLRXUfaH4Y6XtEHIfBNPE/SLg=="
    "resolved" "https://registry.npmmirror.com/@mui/private-theming/-/private-theming-5.4.2.tgz"
    "version" "5.4.2"
    dependencies:
      "@babel/runtime" "^7.17.0"
      "@mui/utils" "^5.4.2"
      "prop-types" "^15.7.2"
  
  "@mui/styled-engine-sc@^5.4.2":
    "integrity" "sha512-t8h5AtHn899WzHkJXWjWcPkEG2NCmX0UZMIBEPv58rMHyJiByoYzFnA/kGVS1/oCSlDYbBlvFmfMaNalOLPp8g=="
    "resolved" "https://registry.npmmirror.com/@mui/styled-engine-sc/-/styled-engine-sc-5.4.2.tgz"
    "version" "5.4.2"
    dependencies:
      "prop-types" "^15.7.2"
  
  "@mui/styled-engine@^5.4.2":
    "integrity" "sha512-tz9p3aRtzXHKAg7x3BgP0hVQEoGKaxNCFxsJ+d/iqEHYvywWFSs6oxqYAvDHIRpvMlUZyPNoTrkcNnbdMmH/ng=="
    "resolved" "https://registry.npmmirror.com/@mui/styled-engine/-/styled-engine-5.4.2.tgz"
    "version" "5.4.2"
    dependencies:
      "@babel/runtime" "^7.17.0"
      "@emotion/cache" "^11.7.1"
      "prop-types" "^15.7.2"
  
  "@mui/styles@^5.4.2":
    "integrity" "sha512-BX75fNHmRF51yove9dBkH28gpSFjClOPDEnUwLTghPYN913OsqViS/iuCd61dxzygtEEmmeYuWfQjxu/F6vF5g=="
    "resolved" "https://registry.npmmirror.com/@mui/styles/-/styles-5.4.2.tgz"
    "version" "5.4.2"
    dependencies:
      "@babel/runtime" "^7.17.0"
      "@emotion/hash" "^0.8.0"
      "@mui/private-theming" "^5.4.2"
      "@mui/types" "^7.1.2"
      "@mui/utils" "^5.4.2"
      "clsx" "^1.1.1"
      "csstype" "^3.0.10"
      "hoist-non-react-statics" "^3.3.2"
      "jss" "^10.8.2"
      "jss-plugin-camel-case" "^10.8.2"
      "jss-plugin-default-unit" "^10.8.2"
      "jss-plugin-global" "^10.8.2"
      "jss-plugin-nested" "^10.8.2"
      "jss-plugin-props-sort" "^10.8.2"
      "jss-plugin-rule-value-function" "^10.8.2"
      "jss-plugin-vendor-prefixer" "^10.8.2"
      "prop-types" "^15.7.2"
  
  "@mui/system@^5.4.3":
    "integrity" "sha512-Xz5AVe9JMufJVozMzUv93IRtnLNZnw/Q8k+Mg7Q4oRuwdir0TcYkMVUqAHetVKb3rAouIVCu/cQv0jB8gVeVsQ=="
    "resolved" "https://registry.npmmirror.com/@mui/system/-/system-5.4.3.tgz"
    "version" "5.4.3"
    dependencies:
      "@babel/runtime" "^7.17.0"
      "@mui/private-theming" "^5.4.2"
      "@mui/styled-engine" "^5.4.2"
      "@mui/types" "^7.1.2"
      "@mui/utils" "^5.4.2"
      "clsx" "^1.1.1"
      "csstype" "^3.0.10"
      "prop-types" "^15.7.2"
  
  "@mui/types@^7.1.2":
    "integrity" "sha512-SD7O1nVzqG+ckQpFjDhXPZjRceB8HQFHEvdLLrPhlJy4lLbwEBbxK74Tj4t6Jgk0fTvLJisuwOutrtYe9P/xBQ=="
    "resolved" "https://registry.npmmirror.com/@mui/types/-/types-7.1.2.tgz"
    "version" "7.1.2"
  
  "@mui/utils@^5.4.2":
    "integrity" "sha512-646dBCC57MXTo/Gf3AnZSHRHznaTETQq5x7AWp5FRQ4jPeyT4WSs18cpJVwkV01cAHKh06pNQTIufIALIWCL5g=="
    "resolved" "https://registry.npmmirror.com/@mui/utils/-/utils-5.4.2.tgz"
    "version" "5.4.2"
    dependencies:
      "@babel/runtime" "^7.17.0"
      "@types/prop-types" "^15.7.4"
      "@types/react-is" "^16.7.1 || ^17.0.0"
      "prop-types" "^15.7.2"
      "react-is" "^17.0.2"
  
  "@nodelib/fs.scandir@2.1.5":
    "integrity" "sha512-vq24Bq3ym5HEQm2NKCr3yXDwjc7vTsEThRDnkp2DK9p1uqLR+DHurm/NOTo0KG7HYHU7eppKZj3MyqYuMBf62g=="
    "resolved" "https://registry.npmmirror.com/@nodelib/fs.scandir/-/fs.scandir-2.1.5.tgz"
    "version" "2.1.5"
    dependencies:
      "@nodelib/fs.stat" "2.0.5"
      "run-parallel" "^1.1.9"
  
  "@nodelib/fs.stat@^2.0.2", "@nodelib/fs.stat@2.0.5":
    "integrity" "sha512-RkhPPp2zrqDAQA/2jNhnztcPAlv64XdhIp7a7454A5ovI7Bukxgt7MX7udwAu3zg1DcpPU0rz3VV1SeaqvY4+A=="
    "resolved" "https://registry.npmmirror.com/@nodelib/fs.stat/-/fs.stat-2.0.5.tgz"
    "version" "2.0.5"
  
  "@nodelib/fs.walk@^1.2.3":
    "integrity" "sha512-oGB+UxlgWcgQkgwo8GcEGwemoTFt3FIO9ababBmaGwXIoBKZ+GTy0pP185beGg7Llih/NSHSV2XAs1lnznocSg=="
    "resolved" "https://registry.npmmirror.com/@nodelib/fs.walk/-/fs.walk-1.2.8.tgz"
    "version" "1.2.8"
    dependencies:
      "@nodelib/fs.scandir" "2.1.5"
      "fastq" "^1.6.0"
  
  "@popperjs/core@^2.4.4":
    "integrity" "sha512-92FRmppjjqz29VMJ2dn+xdyXZBrMlE42AV6Kq6BwjWV7CNUW1hs2FtxSNLQE+gJhaZ6AAmYuO9y8dshhcBl7vA=="
    "resolved" "https://registry.npmmirror.com/@popperjs/core/-/core-2.11.2.tgz"
    "version" "2.11.2"
  
  "@rollup/plugin-node-resolve@^13.0.4":
    "integrity" "sha512-BdxNk+LtmElRo5d06MGY4zoepyrXX1tkzX2hrnPEZ53k78GuOMWLqmJDGIIOPwVRIFZrLQOo+Yr6KtCuLIA0AQ=="
    "resolved" "https://registry.npmmirror.com/@rollup/plugin-node-resolve/-/plugin-node-resolve-13.1.3.tgz"
    "version" "13.1.3"
    dependencies:
      "@rollup/pluginutils" "^3.1.0"
      "@types/resolve" "1.17.1"
      "builtin-modules" "^3.1.0"
      "deepmerge" "^4.2.2"
      "is-module" "^1.0.0"
      "resolve" "^1.19.0"
  
  "@rollup/pluginutils@^3.1.0":
    "integrity" "sha512-GksZ6pr6TpIjHm8h9lSQ8pi8BE9VeubNT0OMJ3B5uZJ8pz73NPiqOtCog/x2/QzM1ENChPKxMDhiQuRHsqc+lg=="
    "resolved" "https://registry.npmmirror.com/@rollup/pluginutils/-/pluginutils-3.1.0.tgz"
    "version" "3.1.0"
    dependencies:
      "@types/estree" "0.0.39"
      "estree-walker" "^1.0.1"
      "picomatch" "^2.2.2"
  
  "@rollup/pluginutils@^4.1.2":
    "integrity" "sha512-ROn4qvkxP9SyPeHaf7uQC/GPFY6L/OWy9+bd9AwcjOAWQwxRscoEyAUD8qCY5o5iL4jqQwoLk2kaTKJPb/HwzQ=="
    "resolved" "https://registry.npmmirror.com/@rollup/pluginutils/download/@rollup/pluginutils-4.1.2.tgz"
    "version" "4.1.2"
    dependencies:
      "estree-walker" "^2.0.1"
      "picomatch" "^2.2.2"
  
  "@types/estree@0.0.39":
    "integrity" "sha512-EYNwp3bU+98cpU4lAWYYL7Zz+2gryWH1qbdDTidVd6hkiR6weksdbMadyXKXNPEkQFhXM+hVO9ZygomHXp+AIw=="
    "resolved" "https://registry.npmmirror.com/@types/estree/-/estree-0.0.39.tgz"
    "version" "0.0.39"
  
  "@types/mockjs@^1.0.4":
    "integrity" "sha512-Yu5YlqbYZyqsd6LjO4e8ONJDN9pTSnciHDcRP4teNOh/au2b8helFhgRx+3w8xsTFEnwr9jtfTVJbAx+eYmlHA=="
    "resolved" "https://registry.npmmirror.com/@types/mockjs/-/mockjs-1.0.6.tgz"
    "version" "1.0.6"
  
  "@types/node@*":
    "integrity" "sha512-DBZCJbhII3r90XbQxI8Y9IjjiiOGlZ0Hr32omXIZvwwZ7p4DMMXGrKXVyPfuoBOri9XNtL0UK69jYIBIsRX3QQ=="
    "resolved" "https://registry.npmmirror.com/@types/node/-/node-17.0.21.tgz"
    "version" "17.0.21"
  
  "@types/parse-json@^4.0.0":
    "integrity" "sha1-L4u0QUNNFjs1+4/9zNcTiSf/uMA="
    "resolved" "https://registry.npmmirror.com/@types/parse-json/download/@types/parse-json-4.0.0.tgz?cache=0&sync_timestamp=1637270060808&other_urls=https%3A%2F%2Fregistry.npmmirror.com%2F%40types%2Fparse-json%2Fdownload%2F%40types%2Fparse-json-4.0.0.tgz"
    "version" "4.0.0"
  
  "@types/prop-types@*", "@types/prop-types@^15.7.4":
    "integrity" "sha1-/PcgXCXf95Xuea8eMNosl5CAjxE="
    "resolved" "https://registry.npmmirror.com/@types/prop-types/download/@types/prop-types-15.7.4.tgz"
    "version" "15.7.4"
  
  "@types/react-is@^16.7.1 || ^17.0.0":
    "integrity" "sha512-aBTIWg1emtu95bLTLx0cpkxwGW3ueZv71nE2YFBpL8k/z5czEW8yYpOo8Dp+UUAFAtKwNaOsh/ioSeQnWlZcfw=="
    "resolved" "https://registry.npmmirror.com/@types/react-is/-/react-is-17.0.3.tgz"
    "version" "17.0.3"
    dependencies:
      "@types/react" "*"
  
  "@types/react-transition-group@^4.4.4":
    "integrity" "sha1-rNTM6qK+a3V9th7XtDLhAyQtFj4="
    "resolved" "https://registry.npmmirror.com/@types/react-transition-group/download/@types/react-transition-group-4.4.4.tgz"
    "version" "4.4.4"
    dependencies:
      "@types/react" "*"
  
  "@types/react@*", "@types/react@^16.8.6 || ^17.0.0":
    "integrity" "sha512-SI92X1IA+FMnP3qM5m4QReluXzhcmovhZnLNm3pyeQlooi02qI7sLiepEYqT678uNiyc25XfCqxREFpy3W7YhQ=="
    "resolved" "https://registry.npmmirror.com/@types/react/download/@types/react-17.0.38.tgz"
    "version" "17.0.38"
    dependencies:
      "@types/prop-types" "*"
      "@types/scheduler" "*"
      "csstype" "^3.0.2"
  
  "@types/resolve@1.17.1":
    "integrity" "sha512-yy7HuzQhj0dhGpD8RLXSZWEkLsV9ibvxvi6EiJ3bkqLAO1RGo0WbkWQiwpRlSFymTJRz0d3k5LM3kkx8ArDbLw=="
    "resolved" "https://registry.npmmirror.com/@types/resolve/-/resolve-1.17.1.tgz"
    "version" "1.17.1"
    dependencies:
      "@types/node" "*"
  
  "@types/scheduler@*":
    "integrity" "sha1-GmL4lSVyPd4kuhsBsJK/XfitTTk="
    "resolved" "https://registry.npmmirror.com/@types/scheduler/download/@types/scheduler-0.16.2.tgz"
    "version" "0.16.2"
  
  "@vitejs/plugin-react@^1.2.0":
    "integrity" "sha512-Rywwt0IXXg6yQ0hv3cMT3mtdDcGIw31mGaa+MMMAT651LhoXLF2yFy4LrakiTs7UKs7RPBo9eNgaS8pgl2A6Qw=="
    "resolved" "https://registry.npmmirror.com/@vitejs/plugin-react/-/plugin-react-1.2.0.tgz"
    "version" "1.2.0"
    dependencies:
      "@babel/core" "^7.16.12"
      "@babel/plugin-transform-react-jsx" "^7.16.7"
      "@babel/plugin-transform-react-jsx-development" "^7.16.7"
      "@babel/plugin-transform-react-jsx-self" "^7.16.7"
      "@babel/plugin-transform-react-jsx-source" "^7.16.7"
      "@rollup/pluginutils" "^4.1.2"
      "react-refresh" "^0.11.0"
      "resolve" "^1.22.0"
  
  "ansi-styles@^3.2.1":
    "integrity" "sha512-VT0ZI6kZRdTh8YyJw3SMbYm/u+NqfsAxEpWO0Pf9sq8/e94WxxOpPKx9FR1FlyCtOVDNOQ+8ntlqFxiRc+r5qA=="
    "resolved" "https://registry.npmmirror.com/ansi-styles/-/ansi-styles-3.2.1.tgz"
    "version" "3.2.1"
    dependencies:
      "color-convert" "^1.9.0"
  
  "ansi-styles@^4.1.0":
    "integrity" "sha512-zbB9rCJAT1rbjiVDb2hqKFHNYLxgtk8NURxZ3IZwD3F6NtxbXZQCnnSi1Lkx+IDohdPlFp222wVALIheZJQSEg=="
    "resolved" "https://registry.npmmirror.com/ansi-styles/-/ansi-styles-4.3.0.tgz"
    "version" "4.3.0"
    dependencies:
      "color-convert" "^2.0.1"
  
  "anymatch@~3.1.2":
    "integrity" "sha512-P43ePfOAIupkguHUycrc4qJ9kz8ZiuOUijaETwX7THt0Y/GNK7v0aa8rY816xWjZ7rJdA5XdMcpVFTKMq+RvWg=="
    "resolved" "https://registry.npmmirror.com/anymatch/-/anymatch-3.1.2.tgz"
    "version" "3.1.2"
    dependencies:
      "normalize-path" "^3.0.0"
      "picomatch" "^2.0.4"
  
  "babel-plugin-macros@^2.6.1":
    "integrity" "sha1-D5WKfMZVax5lNERl2ZERoeXhATg="
    "resolved" "https://registry.nlark.com/babel-plugin-macros/download/babel-plugin-macros-2.8.0.tgz?cache=0&sync_timestamp=1620234245298&other_urls=https%3A%2F%2Fregistry.nlark.com%2Fbabel-plugin-macros%2Fdownload%2Fbabel-plugin-macros-2.8.0.tgz"
    "version" "2.8.0"
    dependencies:
      "@babel/runtime" "^7.7.2"
      "cosmiconfig" "^6.0.0"
      "resolve" "^1.12.0"
  
  "babel-plugin-styled-components@>= 1.12.0":
    "integrity" "sha512-7eG5NE8rChnNTDxa6LQfynwgHTVOYYaHJbUYSlOhk8QBXIQiMBKq4gyfHBBKPrxUcVBXVJL61ihduCpCQbuNbw=="
    "resolved" "https://registry.npmmirror.com/babel-plugin-styled-components/download/babel-plugin-styled-components-2.0.2.tgz"
    "version" "2.0.2"
    dependencies:
      "@babel/helper-annotate-as-pure" "^7.16.0"
      "@babel/helper-module-imports" "^7.16.0"
      "babel-plugin-syntax-jsx" "^6.18.0"
      "lodash" "^4.17.11"
  
  "babel-plugin-syntax-jsx@^6.18.0":
    "integrity" "sha1-CvMqmm4Tyno/1QaeYtew9Y0NiUY="
    "resolved" "https://registry.npm.taobao.org/babel-plugin-syntax-jsx/download/babel-plugin-syntax-jsx-6.18.0.tgz?cache=0&other_urls=https%3A%2F%2Fregistry.npm.taobao.org%2Fbabel-plugin-syntax-jsx%2Fdownload%2Fbabel-plugin-syntax-jsx-6.18.0.tgz"
    "version" "6.18.0"
  
  "babel@^6.23.0":
    "integrity" "sha1-0NHn2APpdHZb7qMjLU4VPA77kPQ="
    "resolved" "https://registry.npmmirror.com/babel/download/babel-6.23.0.tgz"
    "version" "6.23.0"
  
  "binary-extensions@^2.0.0":
    "integrity" "sha512-jDctJ/IVQbZoJykoeHbhXpOlNBqGNcwXJKJog42E5HDPUwQTSdjCHdihjj0DlnheQ7blbT6dHOafNAiS8ooQKA=="
    "resolved" "https://registry.npmmirror.com/binary-extensions/-/binary-extensions-2.2.0.tgz"
    "version" "2.2.0"
  
  "braces@^3.0.1", "braces@~3.0.2":
    "integrity" "sha512-b8um+L1RzM3WDSzvhm6gIz1yfTbBt6YTlcEKAvsmqCZZFw46z626lVj9j1yEPW33H5H+lBQpZMP1k8l+78Ha0A=="
    "resolved" "https://registry.npmmirror.com/braces/-/braces-3.0.2.tgz"
    "version" "3.0.2"
    dependencies:
      "fill-range" "^7.0.1"
  
  "browserslist@^4.17.5":
    "integrity" "sha512-XK3X4xtKJ+Txj8G5c30B4gsm71s69lqXlkYui4s6EkKxuv49qjYlY6oVd+IFJ73d4YymtM3+djvvt/R/iJwwDg=="
    "resolved" "https://registry.npmmirror.com/browserslist/-/browserslist-4.19.3.tgz"
    "version" "4.19.3"
    dependencies:
      "caniuse-lite" "^1.0.30001312"
      "electron-to-chromium" "^1.4.71"
      "escalade" "^3.1.1"
      "node-releases" "^2.0.2"
      "picocolors" "^1.0.0"
  
  "builtin-modules@^3.1.0":
    "integrity" "sha512-lGzLKcioL90C7wMczpkY0n/oART3MbBa8R9OFGE1rJxoVI86u4WAGfEk8Wjv10eKSyTHVGkSo3bvBylCEtk7LA=="
    "resolved" "https://registry.npmmirror.com/builtin-modules/-/builtin-modules-3.2.0.tgz"
    "version" "3.2.0"
  
  "callsites@^3.0.0":
    "integrity" "sha1-s2MKvYlDQy9Us/BRkjjjPNffL3M="
    "resolved" "https://registry.nlark.com/callsites/download/callsites-3.1.0.tgz?cache=0&sync_timestamp=1628465506045&other_urls=https%3A%2F%2Fregistry.nlark.com%2Fcallsites%2Fdownload%2Fcallsites-3.1.0.tgz"
    "version" "3.1.0"
  
  "camelize@^1.0.0":
    "integrity" "sha1-FkpUg+Yw+kMh5a8HAg5TGDGyYJs="
    "resolved" "https://registry.npm.taobao.org/camelize/download/camelize-1.0.0.tgz"
    "version" "1.0.0"
  
  "caniuse-lite@^1.0.30001312":
    "integrity" "sha512-Wiz1Psk2MEK0pX3rUzWaunLTZzqS2JYZFzNKqAiJGiuxIjRPLgV6+VDPOg6lQOUxmDwhTlh198JsTTi8Hzw6aQ=="
    "resolved" "https://registry.npmmirror.com/caniuse-lite/-/caniuse-lite-1.0.30001312.tgz"
    "version" "1.0.30001312"
  
  "chalk@^2.0.0":
    "integrity" "sha512-Mti+f9lpJNcwF4tWV8/OrTTtF1gZi+f8FqlyAdouralcFWFQWF2+NgCHShjkCb+IFBLq9buZwE1xckQU4peSuQ=="
    "resolved" "https://registry.npmmirror.com/chalk/-/chalk-2.4.2.tgz"
    "version" "2.4.2"
    dependencies:
      "ansi-styles" "^3.2.1"
      "escape-string-regexp" "^1.0.5"
      "supports-color" "^5.3.0"
  
  "chalk@^4.1.2":
    "integrity" "sha512-oKnbhFyRIXpUuez8iBMmyEa4nbj4IOQyuhc/wy9kY7/WVPcwIO9VA668Pu8RkO7+0G76SLROeyw9CpQ061i4mA=="
    "resolved" "https://registry.npmmirror.com/chalk/-/chalk-4.1.2.tgz"
    "version" "4.1.2"
    dependencies:
      "ansi-styles" "^4.1.0"
      "supports-color" "^7.1.0"
  
  "chokidar@^3.5.2":
    "integrity" "sha512-Dr3sfKRP6oTcjf2JmUmFJfeVMvXBdegxB0iVQ5eb2V10uFJUCAS8OByZdVAyVb8xXNz3GjjTgj9kLWsZTqE6kw=="
    "resolved" "https://registry.npmmirror.com/chokidar/-/chokidar-3.5.3.tgz"
    "version" "3.5.3"
    dependencies:
      "anymatch" "~3.1.2"
      "braces" "~3.0.2"
      "glob-parent" "~5.1.2"
      "is-binary-path" "~2.1.0"
      "is-glob" "~4.0.1"
      "normalize-path" "~3.0.0"
      "readdirp" "~3.6.0"
    optionalDependencies:
      "fsevents" "~2.3.2"
  
  "clsx@^1.1.1":
    "integrity" "sha1-mLMTT5q73yOyZjSRrOE8XAOnMYg="
    "resolved" "https://registry.npm.taobao.org/clsx/download/clsx-1.1.1.tgz"
    "version" "1.1.1"
  
  "color-convert@^1.9.0":
    "integrity" "sha512-QfAUtd+vFdAtFQcC8CCyYt1fYWxSqAiK2cSD6zDB8N3cpsEBAvRxp9zOGg6G/SHHJYAT88/az/IuDGALsNVbGg=="
    "resolved" "https://registry.npmmirror.com/color-convert/-/color-convert-1.9.3.tgz"
    "version" "1.9.3"
    dependencies:
      "color-name" "1.1.3"
  
  "color-convert@^2.0.1":
    "integrity" "sha512-RRECPsj7iu/xb5oKYcsFHSppFNnsj/52OVTRKb4zP5onXwVF3zVmmToNcOfGC+CRDpfK/U584fMg38ZHCaElKQ=="
    "resolved" "https://registry.npmmirror.com/color-convert/-/color-convert-2.0.1.tgz"
    "version" "2.0.1"
    dependencies:
      "color-name" "~1.1.4"
  
  "color-name@~1.1.4":
    "integrity" "sha512-dOy+3AuW3a2wNbZHIuMZpTcgjGuLU/uBL/ubcZF9OXbDo8ff4O8yVp5Bf0efS8uEoYo5q4Fx7dY9OgQGXgAsQA=="
    "resolved" "https://registry.npmmirror.com/color-name/-/color-name-1.1.4.tgz"
    "version" "1.1.4"
  
  "color-name@1.1.3":
    "integrity" "sha512-72fSenhMw2HZMTVHeCA9KCmpEIbzWiQsjN+BHcBbS9vr1mtt+vJjPdksIBNUmKAW8TFUDPJK5SUU3QhE9NEXDw=="
    "resolved" "https://registry.npmmirror.com/color-name/-/color-name-1.1.3.tgz"
    "version" "1.1.3"
  
  "commander@*":
    "integrity" "sha512-JJfP2saEKbQqvW+FI93OYUB4ByV5cizMpFMiiJI8xDbBvQvSkIk0VvQdn1CZ8mqAO8Loq2h0gYTYtDFUZUeERw=="
    "resolved" "https://registry.npmmirror.com/commander/-/commander-9.0.0.tgz"
    "version" "9.0.0"
  
  "connect@^3.7.0":
    "integrity" "sha512-ZqRXc+tZukToSNmh5C2iWMSoV3X1YUcPbqEM4DkEG5tNQXrQUZCNVGGv3IuicnkMtPfGf3Xtp8WCXs295iQ1pQ=="
    "resolved" "https://registry.npmmirror.com/connect/-/connect-3.7.0.tgz"
    "version" "3.7.0"
    dependencies:
      "debug" "2.6.9"
      "finalhandler" "1.1.2"
      "parseurl" "~1.3.3"
      "utils-merge" "1.0.1"
  
  "convert-source-map@^1.5.0", "convert-source-map@^1.7.0":
    "integrity" "sha1-8zc8MtIbTXgN2ABFFGhPt5HKQ2k="
    "resolved" "https://registry.nlark.com/convert-source-map/download/convert-source-map-1.8.0.tgz?cache=0&sync_timestamp=1624046009468&other_urls=https%3A%2F%2Fregistry.nlark.com%2Fconvert-source-map%2Fdownload%2Fconvert-source-map-1.8.0.tgz"
    "version" "1.8.0"
    dependencies:
      "safe-buffer" "~5.1.1"
  
  "cosmiconfig@^6.0.0":
    "integrity" "sha1-2k/uhTxS9rHmk19BwaL8UL1KmYI="
    "resolved" "https://registry.nlark.com/cosmiconfig/download/cosmiconfig-6.0.0.tgz"
    "version" "6.0.0"
    dependencies:
      "@types/parse-json" "^4.0.0"
      "import-fresh" "^3.1.0"
      "parse-json" "^5.0.0"
      "path-type" "^4.0.0"
      "yaml" "^1.7.2"
  
  "css-color-keywords@^1.0.0":
    "integrity" "sha1-/qJhbcZ2spYmhrOvjb2+GAskTgU="
    "resolved" "https://registry.npm.taobao.org/css-color-keywords/download/css-color-keywords-1.0.0.tgz"
    "version" "1.0.0"
  
  "css-to-react-native@^3.0.0":
    "integrity" "sha1-YtvmeAcqgkpom8/uAR/JbgKn11Y="
    "resolved" "https://registry.npm.taobao.org/css-to-react-native/download/css-to-react-native-3.0.0.tgz"
    "version" "3.0.0"
    dependencies:
      "camelize" "^1.0.0"
      "css-color-keywords" "^1.0.0"
      "postcss-value-parser" "^4.0.2"
  
  "css-vendor@^2.0.8":
    "integrity" "sha1-5H+R070xF9SRgKPJNeYuPZ9/RJ0="
    "resolved" "https://registry.nlark.com/css-vendor/download/css-vendor-2.0.8.tgz"
    "version" "2.0.8"
    dependencies:
      "@babel/runtime" "^7.8.3"
      "is-in-browser" "^1.0.2"
  
  "csstype@^3.0.10", "csstype@^3.0.2":
    "integrity" "sha512-2u44ZG2OcNUO9HDp/Jl8C07x6pU/eTR3ncV91SiK3dhG9TWvRVsCoJw14Ckx5DgWkzGA3waZWO3d7pgqpUI/XA=="
    "resolved" "https://registry.npmmirror.com/csstype/download/csstype-3.0.10.tgz?cache=0&sync_timestamp=1637224539572&other_urls=https%3A%2F%2Fregistry.npmmirror.com%2Fcsstype%2Fdownload%2Fcsstype-3.0.10.tgz"
    "version" "3.0.10"
  
  "debug@^4.1.0", "debug@^4.3.2":
    "integrity" "sha512-/zxw5+vh1Tfv+4Qn7a5nsbcJKPaSvCDhojn6FEl9vupwK2VCSDtEiEtqr8DFtzYFOdz63LBkxec7DYuc2jon6Q=="
    "resolved" "https://registry.npmmirror.com/debug/download/debug-4.3.3.tgz"
    "version" "4.3.3"
    dependencies:
      "ms" "2.1.2"
  
  "debug@2.6.9":
    "integrity" "sha512-bC7ElrdJaJnPbAP+1EotYvqZsb3ecl5wi6Bfi6BJTUcNowp6cvspg0jXznRTKDjm/E7AdgFBVeAPVMNcKGsHMA=="
    "resolved" "https://registry.npmmirror.com/debug/-/debug-2.6.9.tgz"
    "version" "2.6.9"
    dependencies:
      "ms" "2.0.0"
  
  "deepmerge@^4.2.2":
    "integrity" "sha512-FJ3UgI4gIl+PHZm53knsuSFpE+nESMr7M4v9QcgB7S63Kj/6WqMiFQJpBBYz1Pt+66bZpP3Q7Lye0Oo9MPKEdg=="
    "resolved" "https://registry.npmmirror.com/deepmerge/-/deepmerge-4.2.2.tgz"
    "version" "4.2.2"
  
  "dom-helpers@^5.0.1":
    "integrity" "sha1-2UAFNrK/giWtmP4FLgKUUaxA6QI="
    "resolved" "https://registry.nlark.com/dom-helpers/download/dom-helpers-5.2.1.tgz?cache=0&other_urls=https%3A%2F%2Fregistry.nlark.com%2Fdom-helpers%2Fdownload%2Fdom-helpers-5.2.1.tgz"
    "version" "5.2.1"
    dependencies:
      "@babel/runtime" "^7.8.7"
      "csstype" "^3.0.2"
  
  "ee-first@1.1.1":
    "integrity" "sha512-WMwm9LhRUo+WUaRN+vRuETqG89IgZphVSNkdFgeb6sS/E4OrDIN7t48CAewSHXc6C8lefD8KKfr5vY61brQlow=="
    "resolved" "https://registry.npmmirror.com/ee-first/-/ee-first-1.1.1.tgz"
    "version" "1.1.1"
  
  "electron-to-chromium@^1.4.71":
    "integrity" "sha512-Hk61vXXKRb2cd3znPE9F+2pLWdIOmP7GjiTj45y6L3W/lO+hSnUSUhq+6lEaERWBdZOHbk2s3YV5c9xVl3boVw=="
    "resolved" "https://registry.npmmirror.com/electron-to-chromium/-/electron-to-chromium-1.4.71.tgz"
    "version" "1.4.71"
  
  "encodeurl@~1.0.2":
    "integrity" "sha512-TPJXq8JqFaVYm2CWmPvnP2Iyo4ZSM7/QKcSmuMLDObfpH5fi7RUGmd/rTDf+rut/saiDiQEeVTNgAmJEdAOx0w=="
    "resolved" "https://registry.npmmirror.com/encodeurl/-/encodeurl-1.0.2.tgz"
    "version" "1.0.2"
  
  "error-ex@^1.3.1":
    "integrity" "sha1-tKxAZIEH/c3PriQvQovqihTU8b8="
    "resolved" "https://registry.nlark.com/error-ex/download/error-ex-1.3.2.tgz"
    "version" "1.3.2"
    dependencies:
      "is-arrayish" "^0.2.1"
  
  "esbuild-windows-64@0.14.23":
    "integrity" "sha512-JtIT0t8ymkpl6YlmOl6zoSWL5cnCgyLaBdf/SiU/Eg3C13r0NbHZWNT/RDEMKK91Y6t79kTs3vyRcNZbfu5a8g=="
    "resolved" "https://registry.npmmirror.com/esbuild-windows-64/-/esbuild-windows-64-0.14.23.tgz"
    "version" "0.14.23"
  
  "esbuild@^0.14.14":
    "integrity" "sha512-XjnIcZ9KB6lfonCa+jRguXyRYcldmkyZ99ieDksqW/C8bnyEX299yA4QH2XcgijCgaddEZePPTgvx/2imsq7Ig=="
    "resolved" "https://registry.npmmirror.com/esbuild/-/esbuild-0.14.23.tgz"
    "version" "0.14.23"
    optionalDependencies:
      "esbuild-android-arm64" "0.14.23"
      "esbuild-darwin-64" "0.14.23"
      "esbuild-darwin-arm64" "0.14.23"
      "esbuild-freebsd-64" "0.14.23"
      "esbuild-freebsd-arm64" "0.14.23"
      "esbuild-linux-32" "0.14.23"
      "esbuild-linux-64" "0.14.23"
      "esbuild-linux-arm" "0.14.23"
      "esbuild-linux-arm64" "0.14.23"
      "esbuild-linux-mips64le" "0.14.23"
      "esbuild-linux-ppc64le" "0.14.23"
      "esbuild-linux-riscv64" "0.14.23"
      "esbuild-linux-s390x" "0.14.23"
      "esbuild-netbsd-64" "0.14.23"
      "esbuild-openbsd-64" "0.14.23"
      "esbuild-sunos-64" "0.14.23"
      "esbuild-windows-32" "0.14.23"
      "esbuild-windows-64" "0.14.23"
      "esbuild-windows-arm64" "0.14.23"
  
  "esbuild@0.11.3":
    "integrity" "sha512-BzVRHcCtFepjS9WcqRjqoIxLqgpK21a8J4Zi4msSGxDxiXVO1IbcqT1KjhdDDnJxKfe7bvzZrvMEX+bVO0Elcw=="
    "resolved" "https://registry.npmmirror.com/esbuild/-/esbuild-0.11.3.tgz"
    "version" "0.11.3"
  
  "escalade@^3.1.1":
    "integrity" "sha512-k0er2gUkLf8O0zKJiAhmkTnJlTvINGv7ygDNPbeIsX/TJjGJZHuh9B2UxbsaEkmlEo9MfhrSzmhIlhRlI2GXnw=="
    "resolved" "https://registry.npmmirror.com/escalade/-/escalade-3.1.1.tgz"
    "version" "3.1.1"
  
  "escape-html@~1.0.3":
    "integrity" "sha512-NiSupZ4OeuGwr68lGIeym/ksIZMJodUGOSCZ/FSnTxcrekbvqrgdUxlJOMpijaKZVjAJrWrGs/6Jy8OMuyj9ow=="
    "resolved" "https://registry.npmmirror.com/escape-html/-/escape-html-1.0.3.tgz"
    "version" "1.0.3"
  
  "escape-string-regexp@^1.0.5":
    "integrity" "sha512-vbRorB5FUQWvla16U8R/qgaFIya2qGzwDrNmCZuYKrbdSUMG6I1ZCGQRefkRVhuOkIGVne7BQ35DSfo1qvJqFg=="
    "resolved" "https://registry.npmmirror.com/escape-string-regexp/-/escape-string-regexp-1.0.5.tgz"
    "version" "1.0.5"
  
  "escape-string-regexp@^4.0.0":
    "integrity" "sha1-FLqDpdNz49MR5a/KKc9b+tllvzQ="
    "resolved" "https://registry.npm.taobao.org/escape-string-regexp/download/escape-string-regexp-4.0.0.tgz"
    "version" "4.0.0"
  
  "estree-walker@^1.0.1":
    "integrity" "sha512-1fMXF3YP4pZZVozF8j/ZLfvnR8NSIljt56UhbZ5PeeDmmGHpgpdwQt7ITlGvYaQukCvuBRMLEiKiYC+oeIg4cg=="
    "resolved" "https://registry.npmmirror.com/estree-walker/-/estree-walker-1.0.1.tgz"
    "version" "1.0.1"
  
  "estree-walker@^2.0.1":
    "integrity" "sha1-UvAQF4wqTBF6d1fP6UKtt9LaTKw="
    "resolved" "https://registry.npmmirror.com/estree-walker/download/estree-walker-2.0.2.tgz"
    "version" "2.0.2"
  
  "fast-glob@^3.2.7":
    "integrity" "sha512-xrO3+1bxSo3ZVHAnqzyuewYT6aMFHRAd4Kcs92MAonjwQZLsK9d0SF1IyQ3k5PoirxTW0Oe/RqFgMQ6TcNE5Ew=="
    "resolved" "https://registry.npmmirror.com/fast-glob/-/fast-glob-3.2.11.tgz"
    "version" "3.2.11"
    dependencies:
      "@nodelib/fs.stat" "^2.0.2"
      "@nodelib/fs.walk" "^1.2.3"
      "glob-parent" "^5.1.2"
      "merge2" "^1.3.0"
      "micromatch" "^4.0.4"
  
  "fastq@^1.6.0":
    "integrity" "sha512-YpkpUnK8od0o1hmeSc7UUs/eB/vIPWJYjKck2QKIzAf71Vm1AAQ3EbuZB3g2JIy+pg+ERD0vqI79KyZiB2e2Nw=="
    "resolved" "https://registry.npmmirror.com/fastq/-/fastq-1.13.0.tgz"
    "version" "1.13.0"
    dependencies:
      "reusify" "^1.0.4"
  
  "fill-range@^7.0.1":
    "integrity" "sha512-qOo9F+dMUmC2Lcb4BbVvnKJxTPjCm+RRpe4gDuGrzkL7mEVl/djYSu2OdQ2Pa302N4oqkSg9ir6jaLWJ2USVpQ=="
    "resolved" "https://registry.npmmirror.com/fill-range/-/fill-range-7.0.1.tgz"
    "version" "7.0.1"
    dependencies:
      "to-regex-range" "^5.0.1"
  
  "finalhandler@1.1.2":
    "integrity" "sha512-aAWcW57uxVNrQZqFXjITpW3sIUQmHGG3qSb9mUah9MgMC4NeWhNOlNjXEYq3HjRAvL6arUviZGGJsBg6z0zsWA=="
    "resolved" "https://registry.npmmirror.com/finalhandler/-/finalhandler-1.1.2.tgz"
    "version" "1.1.2"
    dependencies:
      "debug" "2.6.9"
      "encodeurl" "~1.0.2"
      "escape-html" "~1.0.3"
      "on-finished" "~2.3.0"
      "parseurl" "~1.3.3"
      "statuses" "~1.5.0"
      "unpipe" "~1.0.0"
  
  "find-root@^1.1.0":
    "integrity" "sha1-q8/Iunb3CMQql7PWhbfpRQv7nOQ="
    "resolved" "https://registry.npm.taobao.org/find-root/download/find-root-1.1.0.tgz"
    "version" "1.1.0"
  
  "fluent@^0.13.0":
    "integrity" "sha512-veZ4VyzNiBnRAfUagBpXWVyOHPns7z00UtuYWoqWjlogFgHGzDo3b2v3+gNkxxyd44uPP6NBUkgLaHlC6sQm5g=="
    "resolved" "https://registry.npmmirror.com/fluent/-/fluent-0.13.0.tgz"
    "version" "0.13.0"
  
  "function-bind@^1.1.1":
    "integrity" "sha512-yIovAzMX49sF8Yl58fSCWJ5svSLuaibPxXQJFLmBObTuCr0Mf1KiPopGM9NiFjiYBCbfaa2Fh6breQ6ANVTI0A=="
    "resolved" "https://registry.npmmirror.com/function-bind/-/function-bind-1.1.1.tgz"
    "version" "1.1.1"
  
  "gensync@^1.0.0-beta.2":
    "integrity" "sha1-MqbudsPX9S1GsrGuXZP+qFgKJeA="
    "resolved" "https://registry.npm.taobao.org/gensync/download/gensync-1.0.0-beta.2.tgz?cache=0&sync_timestamp=1603829637456&other_urls=https%3A%2F%2Fregistry.npm.taobao.org%2Fgensync%2Fdownload%2Fgensync-1.0.0-beta.2.tgz"
    "version" "1.0.0-beta.2"
  
  "glob-parent@^5.1.2", "glob-parent@~5.1.2":
    "integrity" "sha512-AOIgSQCepiJYwP3ARnGx+5VnTu2HBYdzbGP45eLw1vr3zB3vZLeyed1sC9hnbcOc9/SrMyM5RPQrkGz4aS9Zow=="
    "resolved" "https://registry.npmmirror.com/glob-parent/-/glob-parent-5.1.2.tgz"
    "version" "5.1.2"
    dependencies:
      "is-glob" "^4.0.1"
  
  "globals@^11.1.0":
    "integrity" "sha1-q4eVM4hooLq9hSV1gBjCp+uVxC4="
    "resolved" "https://registry.npmmirror.com/globals/download/globals-11.12.0.tgz?cache=0&sync_timestamp=1635390798667&other_urls=https%3A%2F%2Fregistry.npmmirror.com%2Fglobals%2Fdownload%2Fglobals-11.12.0.tgz"
    "version" "11.12.0"
  
  "has-flag@^3.0.0":
    "integrity" "sha1-tdRU3CGZriJWmfNGfloH87lVuv0="
    "resolved" "https://registry.nlark.com/has-flag/download/has-flag-3.0.0.tgz"
    "version" "3.0.0"
  
  "has-flag@^4.0.0":
    "integrity" "sha512-EykJT/Q1KjTWctppgIAgfSO0tKVuZUjhgMr17kqTumMl6Afv3EISleU7qZUzoXDFTAHTDC4NOoG/ZxU3EvlMPQ=="
    "resolved" "https://registry.npmmirror.com/has-flag/-/has-flag-4.0.0.tgz"
    "version" "4.0.0"
  
  "has@^1.0.3":
    "integrity" "sha512-f2dvO0VU6Oej7RkWJGrehjbzMAjFp5/VKPp5tTpWIV4JHHZK1/BxbFRtf/siA2SWTe09caDmVtYYzWEIbBS4zw=="
    "resolved" "https://registry.npmmirror.com/has/-/has-1.0.3.tgz"
    "version" "1.0.3"
    dependencies:
      "function-bind" "^1.1.1"
  
  "history@^5.2.0":
    "integrity" "sha512-uPSF6lAJb3nSePJ43hN3eKj1dTWpN9gMod0ZssbFTIsen+WehTmEadgL+kg78xLJFdRfrrC//SavDzmRVdE+Ig=="
    "resolved" "https://registry.npmmirror.com/history/download/history-5.2.0.tgz"
    "version" "5.2.0"
    dependencies:
      "@babel/runtime" "^7.7.6"
  
  "hoist-non-react-statics@^3.0.0", "hoist-non-react-statics@^3.3.1", "hoist-non-react-statics@^3.3.2":
    "integrity" "sha1-7OCsr3HWLClpwuxZ/v9CpLGoW0U="
    "resolved" "https://registry.npm.taobao.org/hoist-non-react-statics/download/hoist-non-react-statics-3.3.2.tgz"
    "version" "3.3.2"
    dependencies:
      "react-is" "^16.7.0"
  
  "html-escaper@^2.0.2":
    "integrity" "sha1-39YAJ9o2o238viNiYsAKWCJoFFM="
    "resolved" "https://registry.npm.taobao.org/html-escaper/download/html-escaper-2.0.2.tgz?cache=0&sync_timestamp=1613643546928&other_urls=https%3A%2F%2Fregistry.npm.taobao.org%2Fhtml-escaper%2Fdownload%2Fhtml-escaper-2.0.2.tgz"
    "version" "2.0.2"
  
  "html-parse-stringify@^3.0.1":
    "integrity" "sha1-38EBc0fOn3fIFBpQfyMwQMWcVdI="
    "resolved" "https://registry.nlark.com/html-parse-stringify/download/html-parse-stringify-3.0.1.tgz"
    "version" "3.0.1"
    dependencies:
      "void-elements" "3.1.0"
  
  "hyphenate-style-name@^1.0.3":
    "integrity" "sha1-aRh5r44iCupXUOiCfbTvYqVONh0="
    "resolved" "https://registry.npm.taobao.org/hyphenate-style-name/download/hyphenate-style-name-1.0.4.tgz"
    "version" "1.0.4"
  
  "i18next-browser-languagedetector@^6.1.2":
    "integrity" "sha512-YDzIGHhMRvr7M+c8B3EQUKyiMBhfqox4o1qkFvt4QXuu5V2cxf74+NCr+VEkUuU0y+RwcupA238eeolW1Yn80g=="
    "resolved" "https://registry.npmmirror.com/i18next-browser-languagedetector/download/i18next-browser-languagedetector-6.1.2.tgz"
    "version" "6.1.2"
    dependencies:
      "@babel/runtime" "^7.14.6"
  
  "i18next@^21.6.11", "i18next@>= 19.0.0":
    "integrity" "sha512-xlGTPdu2g5PZEUIE6TA1mQ9EIAAv9nMFONzgwAIrKL/KTmYYWufQNGgOmp5Og1PvgUji+6i1whz0rMdsz1qaKw=="
    "resolved" "https://registry.npmmirror.com/i18next/-/i18next-21.6.12.tgz"
    "version" "21.6.12"
    dependencies:
      "@babel/runtime" "^7.12.0"
  
  "import-fresh@^3.1.0":
    "integrity" "sha1-NxYsJfy566oublPVtNiM4X2eDCs="
    "resolved" "https://registry.nlark.com/import-fresh/download/import-fresh-3.3.0.tgz"
    "version" "3.3.0"
    dependencies:
      "parent-module" "^1.0.0"
      "resolve-from" "^4.0.0"
  
  "is-arrayish@^0.2.1":
    "integrity" "sha1-d8mYQFJ6qOyxqLppe4BkWnqSap0="
    "resolved" "https://registry.npm.taobao.org/is-arrayish/download/is-arrayish-0.2.1.tgz"
    "version" "0.2.1"
  
  "is-binary-path@~2.1.0":
    "integrity" "sha512-ZMERYes6pDydyuGidse7OsHxtbI7WVeUEozgR/g7rd0xUimYNlvZRE/K2MgZTjWy725IfelLeVcEM97mmtRGXw=="
    "resolved" "https://registry.npmmirror.com/is-binary-path/-/is-binary-path-2.1.0.tgz"
    "version" "2.1.0"
    dependencies:
      "binary-extensions" "^2.0.0"
  
  "is-core-module@^2.8.1":
    "integrity" "sha512-SdNCUs284hr40hFTFP6l0IfZ/RSrMXF3qgoRHd3/79unUTvrFO/JoXwkGm+5J/Oe3E/b5GsnG330uUNgRpu1PA=="
    "resolved" "https://registry.npmmirror.com/is-core-module/-/is-core-module-2.8.1.tgz"
    "version" "2.8.1"
    dependencies:
      "has" "^1.0.3"
  
  "is-extglob@^2.1.1":
    "integrity" "sha512-SbKbANkN603Vi4jEZv49LeVJMn4yGwsbzZworEoyEiutsN3nJYdbO36zfhGJ6QEDpOZIFkDtnq5JRxmvl3jsoQ=="
    "resolved" "https://registry.npmmirror.com/is-extglob/-/is-extglob-2.1.1.tgz"
    "version" "2.1.1"
  
  "is-glob@^4.0.1", "is-glob@~4.0.1":
    "integrity" "sha512-xelSayHH36ZgE7ZWhli7pW34hNbNl8Ojv5KVmkJD4hBdD3th8Tfk9vYasLM+mXWOZhFkgZfxhLSnrwRr4elSSg=="
    "resolved" "https://registry.npmmirror.com/is-glob/-/is-glob-4.0.3.tgz"
    "version" "4.0.3"
    dependencies:
      "is-extglob" "^2.1.1"
  
  "is-in-browser@^1.0.2", "is-in-browser@^1.1.3":
    "integrity" "sha1-Vv9NtoOgeMYILrldrX3GLh0E+DU="
    "resolved" "https://registry.nlark.com/is-in-browser/download/is-in-browser-1.1.3.tgz"
    "version" "1.1.3"
  
  "is-module@^1.0.0":
    "integrity" "sha512-51ypPSPCoTEIN9dy5Oy+h4pShgJmPCygKfyRCISBI+JoWT/2oJvK8QPxmwv7b/p239jXrm9M1mlQbyKJ5A152g=="
    "resolved" "https://registry.npmmirror.com/is-module/-/is-module-1.0.0.tgz"
    "version" "1.0.0"
  
  "is-number@^7.0.0":
    "integrity" "sha512-41Cifkg6e8TylSpdtTpeLVMqvSBEVzTttHvERD741+pnZ8ANv0004MRL43QKPDlK9cGvNp6NZWZUBlbGXYxxng=="
    "resolved" "https://registry.npmmirror.com/is-number/-/is-number-7.0.0.tgz"
    "version" "7.0.0"
  
  "js-tokens@^3.0.0 || ^4.0.0", "js-tokens@^4.0.0":
    "integrity" "sha1-GSA/tZmR35jjoocFDUZHzerzJJk="
    "resolved" "https://registry.nlark.com/js-tokens/download/js-tokens-4.0.0.tgz?cache=0&sync_timestamp=1619345098261&other_urls=https%3A%2F%2Fregistry.nlark.com%2Fjs-tokens%2Fdownload%2Fjs-tokens-4.0.0.tgz"
    "version" "4.0.0"
  
  "jsesc@^2.5.1":
    "integrity" "sha1-gFZNLkg9rPbo7yCWUKZ98/DCg6Q="
    "resolved" "https://registry.npm.taobao.org/jsesc/download/jsesc-2.5.2.tgz?cache=0&sync_timestamp=1603891175833&other_urls=https%3A%2F%2Fregistry.npm.taobao.org%2Fjsesc%2Fdownload%2Fjsesc-2.5.2.tgz"
    "version" "2.5.2"
  
  "json-parse-even-better-errors@^2.3.0":
    "integrity" "sha1-fEeAWpQxmSjgV3dAXcEuH3pO4C0="
    "resolved" "https://registry.nlark.com/json-parse-even-better-errors/download/json-parse-even-better-errors-2.3.1.tgz"
    "version" "2.3.1"
  
  "json5@^2.1.2":
    "integrity" "sha1-Lf7+cgxrpSXZ69kJlQ8FFTFsiaM="
    "resolved" "https://registry.npm.taobao.org/json5/download/json5-2.2.0.tgz"
    "version" "2.2.0"
    dependencies:
      "minimist" "^1.2.5"
  
  "jss-plugin-camel-case@^10.8.2":
    "integrity" "sha512-UH6uPpnDk413/r/2Olmw4+y54yEF2lRIV8XIZyuYpgPYTITLlPOsq6XB9qeqv+75SQSg3KLocq5jUBXW8qWWww=="
    "resolved" "https://registry.npmmirror.com/jss-plugin-camel-case/download/jss-plugin-camel-case-10.9.0.tgz"
    "version" "10.9.0"
    dependencies:
      "@babel/runtime" "^7.3.1"
      "hyphenate-style-name" "^1.0.3"
      "jss" "10.9.0"
  
  "jss-plugin-default-unit@^10.8.2":
    "integrity" "sha512-7Ju4Q9wJ/MZPsxfu4T84mzdn7pLHWeqoGd/D8O3eDNNJ93Xc8PxnLmV8s8ZPNRYkLdxZqKtm1nPQ0BM4JRlq2w=="
    "resolved" "https://registry.npmmirror.com/jss-plugin-default-unit/download/jss-plugin-default-unit-10.9.0.tgz"
    "version" "10.9.0"
    dependencies:
      "@babel/runtime" "^7.3.1"
      "jss" "10.9.0"
  
  "jss-plugin-global@^10.8.2":
    "integrity" "sha512-4G8PHNJ0x6nwAFsEzcuVDiBlyMsj2y3VjmFAx/uHk/R/gzJV+yRHICjT4MKGGu1cJq2hfowFWCyrr/Gg37FbgQ=="
    "resolved" "https://registry.npmmirror.com/jss-plugin-global/download/jss-plugin-global-10.9.0.tgz"
    "version" "10.9.0"
    dependencies:
      "@babel/runtime" "^7.3.1"
      "jss" "10.9.0"
  
  "jss-plugin-nested@^10.8.2":
    "integrity" "sha512-2UJnDrfCZpMYcpPYR16oZB7VAC6b/1QLsRiAutOt7wJaaqwCBvNsosLEu/fUyKNQNGdvg2PPJFDO5AX7dwxtoA=="
    "resolved" "https://registry.npmmirror.com/jss-plugin-nested/download/jss-plugin-nested-10.9.0.tgz"
    "version" "10.9.0"
    dependencies:
      "@babel/runtime" "^7.3.1"
      "jss" "10.9.0"
      "tiny-warning" "^1.0.2"
  
  "jss-plugin-props-sort@^10.8.2":
    "integrity" "sha512-7A76HI8bzwqrsMOJTWKx/uD5v+U8piLnp5bvru7g/3ZEQOu1+PjHvv7bFdNO3DwNPC9oM0a//KwIJsIcDCjDzw=="
    "resolved" "https://registry.npmmirror.com/jss-plugin-props-sort/download/jss-plugin-props-sort-10.9.0.tgz"
    "version" "10.9.0"
    dependencies:
      "@babel/runtime" "^7.3.1"
      "jss" "10.9.0"
  
  "jss-plugin-rule-value-function@^10.8.2":
    "integrity" "sha512-IHJv6YrEf8pRzkY207cPmdbBstBaE+z8pazhPShfz0tZSDtRdQua5jjg6NMz3IbTasVx9FdnmptxPqSWL5tyJg=="
    "resolved" "https://registry.npmmirror.com/jss-plugin-rule-value-function/download/jss-plugin-rule-value-function-10.9.0.tgz"
    "version" "10.9.0"
    dependencies:
      "@babel/runtime" "^7.3.1"
      "jss" "10.9.0"
      "tiny-warning" "^1.0.2"
  
  "jss-plugin-vendor-prefixer@^10.8.2":
    "integrity" "sha512-MbvsaXP7iiVdYVSEoi+blrW+AYnTDvHTW6I6zqi7JcwXdc6I9Kbm234nEblayhF38EftoenbM+5218pidmC5gA=="
    "resolved" "https://registry.npmmirror.com/jss-plugin-vendor-prefixer/download/jss-plugin-vendor-prefixer-10.9.0.tgz"
    "version" "10.9.0"
    dependencies:
      "@babel/runtime" "^7.3.1"
      "css-vendor" "^2.0.8"
      "jss" "10.9.0"
  
  "jss@^10.8.2", "jss@10.9.0":
    "integrity" "sha512-YpzpreB6kUunQBbrlArlsMpXYyndt9JATbt95tajx0t4MTJJcCJdd4hdNpHmOIDiUJrF/oX5wtVFrS3uofWfGw=="
    "resolved" "https://registry.npmmirror.com/jss/download/jss-10.9.0.tgz"
    "version" "10.9.0"
    dependencies:
      "@babel/runtime" "^7.3.1"
      "csstype" "^3.0.2"
      "is-in-browser" "^1.1.3"
      "tiny-warning" "^1.0.2"
  
  "lines-and-columns@^1.1.6":
    "integrity" "sha512-7ylylesZQ/PV29jhEDl3Ufjo6ZX7gCqJr5F7PKrqc93v7fzSymt1BpwEU8nAUXs8qzzvqhbjhK5QZg6Mt/HkBg=="
    "resolved" "https://registry.npmmirror.com/lines-and-columns/download/lines-and-columns-1.2.4.tgz"
    "version" "1.2.4"
  
  "lodash@^4.17.11":
    "integrity" "sha512-v2kDEe57lecTulaDIuNTPy3Ry4gLGJ6Z1O3vE1krgXZNrsQ+LFTGHVxVjcXPs17LhbZVGedAJv8XZ1tvj5FvSg=="
    "resolved" "https://registry.npmmirror.com/lodash/download/lodash-4.17.21.tgz"
    "version" "4.17.21"
  
  "loose-envify@^1.1.0", "loose-envify@^1.4.0":
    "integrity" "sha1-ce5R+nvkyuwaY4OffmgtgTLTDK8="
    "resolved" "https://registry.npm.taobao.org/loose-envify/download/loose-envify-1.4.0.tgz"
    "version" "1.4.0"
    dependencies:
      "js-tokens" "^3.0.0 || ^4.0.0"
  
  "merge2@^1.3.0":
    "integrity" "sha512-8q7VEgMJW4J8tcfVPy8g09NcQwZdbwFEqhe/WZkoIzjn/3TGDwtOCYtXGxA3O8tPzpczCCDgv+P2P5y00ZJOOg=="
    "resolved" "https://registry.npmmirror.com/merge2/-/merge2-1.4.1.tgz"
    "version" "1.4.1"
  
  "micromatch@^4.0.4":
    "integrity" "sha512-pRmzw/XUcwXGpD9aI9q/0XOwLNygjETJ8y0ao0wdqprrzDa4YnxLcz7fQRZr8voh8V10kGhABbNcHVk5wHgWwg=="
    "resolved" "https://registry.npmmirror.com/micromatch/-/micromatch-4.0.4.tgz"
    "version" "4.0.4"
    dependencies:
      "braces" "^3.0.1"
      "picomatch" "^2.2.3"
  
  "minimist@^1.2.5":
    "integrity" "sha1-Z9ZgFLZqaoqqDAg8X9WN9OTpdgI="
    "resolved" "https://registry.npm.taobao.org/minimist/download/minimist-1.2.5.tgz"
    "version" "1.2.5"
  
  "mockjs@>=1.1.0":
    "integrity" "sha512-eQsKcWzIaZzEZ07NuEyO4Nw65g0hdWAyurVol1IPl1gahRwY+svqzfgfey8U8dahLwG44d6/RwEzuK52rSa/JQ=="
    "resolved" "https://registry.npmmirror.com/mockjs/-/mockjs-1.1.0.tgz"
    "version" "1.1.0"
    dependencies:
      "commander" "*"
  
  "ms@2.0.0":
    "integrity" "sha512-Tpp60P6IUJDTuOq/5Z8cdskzJujfwqfOTkrwIwj7IRISpnkJnT6SyJ4PCPnGMoFjC9ddhal5KVIYtAt97ix05A=="
    "resolved" "https://registry.npmmirror.com/ms/-/ms-2.0.0.tgz"
    "version" "2.0.0"
  
  "ms@2.1.2":
    "integrity" "sha1-0J0fNXtEP0kzgqjrPM0YOHKuYAk="
    "resolved" "https://registry.npmmirror.com/ms/download/ms-2.1.2.tgz"
    "version" "2.1.2"
  
  "nanoid@^3.2.0":
    "integrity" "sha512-n6Vs/3KGyxPQd6uO0eH4Bv0ojGSUvuLlIHtC3Y0kEO23YRge8H9x1GCzLn28YX0H66pMkxuaeESFq4tKISKwdw=="
    "resolved" "https://registry.npmmirror.com/nanoid/-/nanoid-3.3.1.tgz"
    "version" "3.3.1"
  
  "node-releases@^2.0.2":
    "integrity" "sha512-XxYDdcQ6eKqp/YjI+tb2C5WM2LgjnZrfYg4vgQt49EK268b6gYCHsBLrK2qvJo4FmCtqmKezb0WZFK4fkrZNsg=="
    "resolved" "https://registry.npmmirror.com/node-releases/-/node-releases-2.0.2.tgz"
    "version" "2.0.2"
  
  "normalize-path@^3.0.0", "normalize-path@~3.0.0":
    "integrity" "sha512-6eZs5Ls3WtCisHWp9S2GUy8dqkpGi4BVSz3GaqiE6ezub0512ESztXUwUB6C6IKbQkY2Pnb/mD4WYojCRwcwLA=="
    "resolved" "https://registry.npmmirror.com/normalize-path/-/normalize-path-3.0.0.tgz"
    "version" "3.0.0"
  
  "object-assign@^4.1.1":
    "integrity" "sha1-IQmtx5ZYh8/AXLvUQsrIv7s2CGM="
    "resolved" "https://registry.npm.taobao.org/object-assign/download/object-assign-4.1.1.tgz"
    "version" "4.1.1"
  
  "on-finished@~2.3.0":
    "integrity" "sha512-ikqdkGAAyf/X/gPhXGvfgAytDZtDbr+bkNUJ0N9h5MI/dmdgCs3l6hoHrcUv41sRKew3jIwrp4qQDXiK99Utww=="
    "resolved" "https://registry.npmmirror.com/on-finished/-/on-finished-2.3.0.tgz"
    "version" "2.3.0"
    dependencies:
      "ee-first" "1.1.1"
  
  "parent-module@^1.0.0":
    "integrity" "sha1-aR0nCeeMefrjoVZiJFLQB2LKqqI="
    "resolved" "https://registry.npmmirror.com/parent-module/download/parent-module-1.0.1.tgz?cache=0&sync_timestamp=1633337608538&other_urls=https%3A%2F%2Fregistry.npmmirror.com%2Fparent-module%2Fdownload%2Fparent-module-1.0.1.tgz"
    "version" "1.0.1"
    dependencies:
      "callsites" "^3.0.0"
  
  "parse-json@^5.0.0":
    "integrity" "sha1-x2/Gbe5UIxyWKyK8yKcs8vmXU80="
    "resolved" "https://registry.npmmirror.com/parse-json/download/parse-json-5.2.0.tgz?cache=0&sync_timestamp=1637475707758&other_urls=https%3A%2F%2Fregistry.npmmirror.com%2Fparse-json%2Fdownload%2Fparse-json-5.2.0.tgz"
    "version" "5.2.0"
    dependencies:
      "@babel/code-frame" "^7.0.0"
      "error-ex" "^1.3.1"
      "json-parse-even-better-errors" "^2.3.0"
      "lines-and-columns" "^1.1.6"
  
  "parseurl@~1.3.3":
    "integrity" "sha512-CiyeOxFT/JZyN5m0z9PfXw4SCBJ6Sygz1Dpl0wqjlhDEGGBP1GnsUVEL0p63hoG1fcj3fHynXi9NYO4nWOL+qQ=="
    "resolved" "https://registry.npmmirror.com/parseurl/-/parseurl-1.3.3.tgz"
    "version" "1.3.3"
  
  "path-parse@^1.0.7":
    "integrity" "sha1-+8EUtgykKzDZ2vWFjkvWi77bZzU="
    "resolved" "https://registry.nlark.com/path-parse/download/path-parse-1.0.7.tgz?cache=0&sync_timestamp=1621947812221&other_urls=https%3A%2F%2Fregistry.nlark.com%2Fpath-parse%2Fdownload%2Fpath-parse-1.0.7.tgz"
    "version" "1.0.7"
  
  "path-to-regexp@^6.2.0":
    "integrity" "sha512-f66KywYG6+43afgE/8j/GoiNyygk/bnoCbps++3ErRKsIYkGGupyv07R2Ok5m9i67Iqc+T2g1eAUGUPzWhYTyg=="
    "resolved" "https://registry.npmmirror.com/path-to-regexp/-/path-to-regexp-6.2.0.tgz"
    "version" "6.2.0"
  
  "path-type@^4.0.0":
    "integrity" "sha1-hO0BwKe6OAr+CdkKjBgNzZ0DBDs="
    "resolved" "https://registry.npm.taobao.org/path-type/download/path-type-4.0.0.tgz"
    "version" "4.0.0"
  
  "picocolors@^1.0.0":
    "integrity" "sha512-1fygroTLlHu66zi26VoTDv8yRgm0Fccecssto+MhsZ0D/DGW2sm8E8AjW7NU5VVTRt5GxbeZ5qBuJr+HyLYkjQ=="
    "resolved" "https://registry.npmmirror.com/picocolors/-/picocolors-1.0.0.tgz"
    "version" "1.0.0"
  
  "picomatch@^2.0.4", "picomatch@^2.2.1", "picomatch@^2.2.2", "picomatch@^2.2.3":
    "integrity" "sha1-8fBh3o9qS/AiiS4tEoI0+5gwKXI="
    "resolved" "https://registry.nlark.com/picomatch/download/picomatch-2.3.0.tgz?cache=0&sync_timestamp=1621648246651&other_urls=https%3A%2F%2Fregistry.nlark.com%2Fpicomatch%2Fdownload%2Fpicomatch-2.3.0.tgz"
    "version" "2.3.0"
  
  "postcss-value-parser@^4.0.2":
    "integrity" "sha512-1NNCs6uurfkVbeXG4S8JFT9t19m45ICnif8zWLd5oPSZ50QnwMfK+H3jv408d4jw/7Bttv5axS5IiHoLaVNHeQ=="
    "resolved" "https://registry.npmmirror.com/postcss-value-parser/download/postcss-value-parser-4.2.0.tgz"
    "version" "4.2.0"
  
  "postcss@^8.4.6":
    "integrity" "sha512-OovjwIzs9Te46vlEx7+uXB0PLijpwjXGKXjVGGPIGubGpq7uh5Xgf6D6FiJ/SzJMBosHDp6a2hiXOS97iBXcaA=="
    "resolved" "https://registry.npmmirror.com/postcss/-/postcss-8.4.6.tgz"
    "version" "8.4.6"
    dependencies:
      "nanoid" "^3.2.0"
      "picocolors" "^1.0.0"
      "source-map-js" "^1.0.2"
  
  "prop-types@^15.6.2", "prop-types@^15.7.2":
    "integrity" "sha512-fDGekdaHh65eI3lMi5OnErU6a8Ighg2KjcjQxO7m8VHyWjcPyj5kiOgV1LQDOOOgVy3+5FgjXvdSSX7B8/5/4g=="
    "resolved" "https://registry.npmmirror.com/prop-types/download/prop-types-15.8.0.tgz"
    "version" "15.8.0"
    dependencies:
      "loose-envify" "^1.4.0"
      "object-assign" "^4.1.1"
      "react-is" "^16.13.1"
  
  "queue-microtask@^1.2.2":
    "integrity" "sha512-NuaNSa6flKT5JaSYQzJok04JzTL1CA6aGhv5rfLW3PgqA+M2ChpZQnAC8h8i4ZFkBS8X5RqkDBHA7r4hej3K9A=="
    "resolved" "https://registry.npmmirror.com/queue-microtask/-/queue-microtask-1.2.3.tgz"
    "version" "1.2.3"
  
  "react-dom@^17.0.0", "react-dom@^17.0.2", "react-dom@>= 16.8.0", "react-dom@>=16.6.0", "react-dom@>=16.8":
    "integrity" "sha512-s4h96KtLDUQlsENhMn1ar8t2bEa+q/YAtj8pPPdIjPDGBDIVNsrD9aXNWqspUe6AzKCIG0C1HZZLqLV7qpOBGA=="
    "resolved" "https://registry.npmmirror.com/react-dom/download/react-dom-17.0.2.tgz"
    "version" "17.0.2"
    dependencies:
      "loose-envify" "^1.1.0"
      "object-assign" "^4.1.1"
      "scheduler" "^0.20.2"
  
  "react-i18next@^11.15.5":
    "integrity" "sha512-vBWuVEQgrhZrGKpyv8FmJ7Zs5jRQWl794Tte7yzJ0okZqqi3jd6j2pLYNg441WcREsbIOvWdiDXbY7W6E93p1A=="
    "resolved" "https://registry.npmjs.org/react-i18next/-/react-i18next-11.15.5.tgz"
    "version" "11.15.5"
    dependencies:
      "@babel/runtime" "^7.14.5"
      "html-escaper" "^2.0.2"
      "html-parse-stringify" "^3.0.1"
  
  "react-is@^16.13.1":
    "integrity" "sha1-eJcppNw23imZ3BVt1sHZwYzqVqQ="
    "resolved" "https://registry.npmmirror.com/react-is/download/react-is-16.13.1.tgz"
    "version" "16.13.1"
  
  "react-is@^16.7.0":
    "integrity" "sha1-eJcppNw23imZ3BVt1sHZwYzqVqQ="
    "resolved" "https://registry.npmmirror.com/react-is/download/react-is-16.13.1.tgz"
    "version" "16.13.1"
  
  "react-is@^17.0.2", "react-is@>= 16.8.0":
    "integrity" "sha1-5pHUqOnHiTZWVVOas3J2Kw77VPA="
    "resolved" "https://registry.npmmirror.com/react-is/download/react-is-17.0.2.tgz"
    "version" "17.0.2"
  
  "react-refresh@^0.11.0":
    "integrity" "sha512-F27qZr8uUqwhWZboondsPx8tnC3Ct3SxZA3V5WyEvujRyyNv0VYPhoBg1gZ8/MV5tubQp76Trw8lTv9hzRBa+A=="
    "resolved" "https://registry.npmmirror.com/react-refresh/download/react-refresh-0.11.0.tgz"
    "version" "0.11.0"
  
  "react-router-dom@^6.2.1":
    "integrity" "sha512-I6Zax+/TH/cZMDpj3/4Fl2eaNdcvoxxHoH1tYOREsQ22OKDYofGebrNm6CTPUcvLvZm63NL/vzCYdjf9CUhqmA=="
    "resolved" "https://registry.npmmirror.com/react-router-dom/download/react-router-dom-6.2.1.tgz"
    "version" "6.2.1"
    dependencies:
      "history" "^5.2.0"
      "react-router" "6.2.1"
  
  "react-router@6.2.1":
    "integrity" "sha512-2fG0udBtxou9lXtK97eJeET2ki5//UWfQSl1rlJ7quwe6jrktK9FCCc8dQb5QY6jAv3jua8bBQRhhDOM/kVRsg=="
    "resolved" "https://registry.npmmirror.com/react-router/download/react-router-6.2.1.tgz"
    "version" "6.2.1"
    dependencies:
      "history" "^5.2.0"
  
  "react-transition-group@^4.4.2":
    "integrity" "sha1-i1mlbwnO17VcvVPDZ2i5IokNVHA="
    "resolved" "https://registry.nlark.com/react-transition-group/download/react-transition-group-4.4.2.tgz"
    "version" "4.4.2"
    dependencies:
      "@babel/runtime" "^7.5.5"
      "dom-helpers" "^5.0.1"
      "loose-envify" "^1.4.0"
      "prop-types" "^15.6.2"
  
  "react@^17.0.0", "react@^17.0.2", "react@>= 16.8.0", "react@>=16.6.0", "react@>=16.8", "react@>=16.8.0", "react@17.0.2":
    "integrity" "sha512-gnhPt75i/dq/z3/6q/0asP78D0u592D5L1pd7M8P+dck6Fu/jJeL6iVVK23fptSUZj8Vjf++7wXA8UNclGQcbA=="
    "resolved" "https://registry.npmmirror.com/react/download/react-17.0.2.tgz"
    "version" "17.0.2"
    dependencies:
      "loose-envify" "^1.1.0"
      "object-assign" "^4.1.1"
  
  "readdirp@~3.6.0":
    "integrity" "sha512-hOS089on8RduqdbhvQ5Z37A0ESjsqz6qnRcffsMU3495FuTdqSm+7bhJ29JvIOsBDEEnan5DPu9t3To9VRlMzA=="
    "resolved" "https://registry.npmmirror.com/readdirp/-/readdirp-3.6.0.tgz"
    "version" "3.6.0"
    dependencies:
      "picomatch" "^2.2.1"
  
  "regenerator-runtime@^0.13.4":
    "integrity" "sha1-iSV0Kpj/2QgUmI11Zq0wyjsmO1I="
    "resolved" "https://registry.nlark.com/regenerator-runtime/download/regenerator-runtime-0.13.9.tgz"
    "version" "0.13.9"
  
  "resolve-from@^4.0.0":
    "integrity" "sha1-SrzYUq0y3Xuqv+m0DgCjbbXzkuY="
    "resolved" "https://registry.npm.taobao.org/resolve-from/download/resolve-from-4.0.0.tgz"
    "version" "4.0.0"
  
  "resolve@^1.12.0", "resolve@^1.19.0", "resolve@^1.22.0":
    "integrity" "sha512-Hhtrw0nLeSrFQ7phPp4OOcVjLPIeMnRlr5mcnVuMe7M/7eBn98A3hmFRLoFo3DLZkivSYwhRUJTyPyWAk56WLw=="
    "resolved" "https://registry.npmmirror.com/resolve/-/resolve-1.22.0.tgz"
    "version" "1.22.0"
    dependencies:
      "is-core-module" "^2.8.1"
      "path-parse" "^1.0.7"
      "supports-preserve-symlinks-flag" "^1.0.0"
  
  "reusify@^1.0.4":
    "integrity" "sha512-U9nH88a3fc/ekCF1l0/UP1IosiuIjyTh7hBvXVMHYgVcfGvt897Xguj2UOLDeI5BG2m7/uwyaLVT6fbtCwTyzw=="
    "resolved" "https://registry.npmmirror.com/reusify/-/reusify-1.0.4.tgz"
    "version" "1.0.4"
  
  "rollup@^1.20.0||^2.0.0", "rollup@^2.42.0", "rollup@^2.59.0":
    "integrity" "sha512-cJEQq2gwB0GWMD3rYImefQTSjrPYaC6s4J9pYqnstVLJ1CHa/aZNVkD4Epuvg4iLeMA4KRiq7UM7awKK6j7jcw=="
    "resolved" "https://registry.npmmirror.com/rollup/download/rollup-2.62.0.tgz"
    "version" "2.62.0"
    optionalDependencies:
      "fsevents" "~2.3.2"
  
  "run-parallel@^1.1.9":
    "integrity" "sha512-5l4VyZR86LZ/lDxZTR6jqL8AFE2S0IFLMP26AbjsLVADxHdhB/c0GUsH+y39UfCi3dzz8OlQuPmnaJOMoDHQBA=="
    "resolved" "https://registry.npmmirror.com/run-parallel/-/run-parallel-1.2.0.tgz"
    "version" "1.2.0"
    dependencies:
      "queue-microtask" "^1.2.2"
  
  "safe-buffer@~5.1.1":
    "integrity" "sha1-mR7GnSluAxN0fVm9/St0XDX4go0="
    "resolved" "https://registry.nlark.com/safe-buffer/download/safe-buffer-5.1.2.tgz"
    "version" "5.1.2"
  
  "scheduler@^0.20.2":
    "integrity" "sha1-S67jlDbjSqk7SHS93L8P6Li1DpE="
    "resolved" "https://registry.npmmirror.com/scheduler/download/scheduler-0.20.2.tgz"
    "version" "0.20.2"
    dependencies:
      "loose-envify" "^1.1.0"
      "object-assign" "^4.1.1"
  
  "semver@^6.3.0":
    "integrity" "sha512-b39TBaTSfV6yBrapU89p5fKekE2m/NwnDocOVruQFS1/veMgdzuPcnOM34M6CwxW8jH/lxEa5rBoDeUwu5HHTw=="
    "resolved" "https://registry.npmmirror.com/semver/-/semver-6.3.0.tgz"
    "version" "6.3.0"
  
  "shallowequal@^1.1.0":
    "integrity" "sha1-GI1SHelbkIdAT9TctosT3wrk5/g="
    "resolved" "https://registry.npm.taobao.org/shallowequal/download/shallowequal-1.1.0.tgz"
    "version" "1.1.0"
  
  "source-map-js@^1.0.2":
    "integrity" "sha512-R0XvVJ9WusLiqTCEiGCmICCMplcCkIwwR11mOSD9CR5u+IXYdiseeEuXCVAjS54zqwkLcPNnmU4OeJ6tUrWhDw=="
    "resolved" "https://registry.npmmirror.com/source-map-js/-/source-map-js-1.0.2.tgz"
    "version" "1.0.2"
  
  "source-map@^0.5.0", "source-map@^0.5.7":
    "integrity" "sha1-igOdLRAh0i0eoUyA2OpGi6LvP8w="
    "resolved" "https://registry.nlark.com/source-map/download/source-map-0.5.7.tgz"
    "version" "0.5.7"
  
  "statuses@~1.5.0":
    "integrity" "sha512-OpZ3zP+jT1PI7I8nemJX4AKmAX070ZkYPVWV/AaKTJl+tXCTGyVdC1a4SL8RUQYEwk/f34ZX8UTykN68FwrqAA=="
    "resolved" "https://registry.npmmirror.com/statuses/-/statuses-1.5.0.tgz"
    "version" "1.5.0"
  
  "styled-components@^5.3.1", "styled-components@^5.3.3", "styled-components@>= 2":
    "integrity" "sha512-++4iHwBM7ZN+x6DtPPWkCI4vdtwumQ+inA/DdAsqYd4SVgUKJie5vXyzotA00ttcFdQkCng7zc6grwlfIfw+lw=="
    "resolved" "https://registry.npmmirror.com/styled-components/download/styled-components-5.3.3.tgz"
    "version" "5.3.3"
    dependencies:
      "@babel/helper-module-imports" "^7.0.0"
      "@babel/traverse" "^7.4.5"
      "@emotion/is-prop-valid" "^0.8.8"
      "@emotion/stylis" "^0.8.4"
      "@emotion/unitless" "^0.7.4"
      "babel-plugin-styled-components" ">= 1.12.0"
      "css-to-react-native" "^3.0.0"
      "hoist-non-react-statics" "^3.0.0"
      "shallowequal" "^1.1.0"
      "supports-color" "^5.5.0"
  
  "stylis@4.0.13":
    "integrity" "sha512-xGPXiFVl4YED9Jh7Euv2V220mriG9u4B2TA6Ybjc1catrstKD2PpIdU3U0RKpkVBC2EhmL/F0sPCr9vrFTNRag=="
    "resolved" "https://registry.npmmirror.com/stylis/download/stylis-4.0.13.tgz"
    "version" "4.0.13"
  
  "supports-color@^5.3.0", "supports-color@^5.5.0":
    "integrity" "sha1-4uaaRKyHcveKHsCzW2id9lMO/I8="
    "resolved" "https://registry.npmmirror.com/supports-color/download/supports-color-5.5.0.tgz"
    "version" "5.5.0"
    dependencies:
      "has-flag" "^3.0.0"
  
  "supports-color@^7.1.0":
    "integrity" "sha512-qpCAvRl9stuOHveKsn7HncJRvv501qIacKzQlO/+Lwxc9+0q2wLyv4Dfvt80/DPn2pqOBsJdDiogXGR9+OvwRw=="
    "resolved" "https://registry.npmmirror.com/supports-color/-/supports-color-7.2.0.tgz"
    "version" "7.2.0"
    dependencies:
      "has-flag" "^4.0.0"
  
  "supports-preserve-symlinks-flag@^1.0.0":
    "integrity" "sha512-ot0WnXS9fgdkgIcePe6RHNk1WA8+muPa6cSjeR3V8K27q9BB1rTE3R1p7Hv0z1ZyAc8s6Vvv8DIyWf681MAt0w=="
    "resolved" "https://registry.npmmirror.com/supports-preserve-symlinks-flag/-/supports-preserve-symlinks-flag-1.0.0.tgz"
    "version" "1.0.0"
  
  "tiny-warning@^1.0.2":
    "integrity" "sha1-lKMNtFPfTGQ9D9VmBg1gqHXYR1Q="
    "resolved" "https://registry.npm.taobao.org/tiny-warning/download/tiny-warning-1.0.3.tgz"
    "version" "1.0.3"
  
  "to-fast-properties@^2.0.0":
    "integrity" "sha1-3F5pjL0HkmW8c+A3doGk5Og/YW4="
    "resolved" "https://registry.nlark.com/to-fast-properties/download/to-fast-properties-2.0.0.tgz?cache=0&sync_timestamp=1628418925592&other_urls=https%3A%2F%2Fregistry.nlark.com%2Fto-fast-properties%2Fdownload%2Fto-fast-properties-2.0.0.tgz"
    "version" "2.0.0"
  
  "to-regex-range@^5.0.1":
    "integrity" "sha512-65P7iz6X5yEr1cwcgvQxbbIw7Uk3gOy5dIdtZ4rDveLqhrdJP+Li/Hx6tyK0NEb+2GCyneCMJiGqrADCSNk8sQ=="
    "resolved" "https://registry.npmmirror.com/to-regex-range/-/to-regex-range-5.0.1.tgz"
    "version" "5.0.1"
    dependencies:
      "is-number" "^7.0.0"
  
  "typescript@^4.5.5":
    "integrity" "sha512-TCTIul70LyWe6IJWT8QSYeA54WQe8EjQFU4wY52Fasj5UKx88LNYKCgBEHcOMOrFF1rKGbD8v/xcNWVUq9SymA=="
    "resolved" "https://registry.npmmirror.com/typescript/-/typescript-4.5.5.tgz"
    "version" "4.5.5"
  
  "unpipe@~1.0.0":
    "integrity" "sha512-pjy2bYhSsufwWlKwPc+l3cN7+wuJlK6uz0YdJEOlQDbl6jo/YlPi4mb8agUkVC8BF7V8NuzeyPNqRksA3hztKQ=="
    "resolved" "https://registry.npmmirror.com/unpipe/-/unpipe-1.0.0.tgz"
    "version" "1.0.0"
  
  "utils-merge@1.0.1":
    "integrity" "sha512-pMZTvIkT1d+TFGvDOqodOclx0QWkkgi6Tdoa8gC8ffGAAqz9pzPTZWAybbsHHoED/ztMtkv/VoYTYyShUn81hA=="
    "resolved" "https://registry.npmmirror.com/utils-merge/-/utils-merge-1.0.1.tgz"
    "version" "1.0.1"
  
  "vite-plugin-mock@^2.9.6":
    "integrity" "sha512-/Rm59oPppe/ncbkSrUuAxIQihlI2YcBmnbR4ST1RA2VzM1C0tEQc1KlbQvnUGhXECAGTaQN2JyasiwXP6EtKgg=="
    "resolved" "https://registry.npmmirror.com/vite-plugin-mock/-/vite-plugin-mock-2.9.6.tgz"
    "version" "2.9.6"
    dependencies:
      "@rollup/plugin-node-resolve" "^13.0.4"
      "@types/mockjs" "^1.0.4"
      "chalk" "^4.1.2"
      "chokidar" "^3.5.2"
      "connect" "^3.7.0"
      "debug" "^4.3.2"
      "esbuild" "0.11.3"
      "fast-glob" "^3.2.7"
      "path-to-regexp" "^6.2.0"
  
  "vite@^2.8.4", "vite@>=2.0.0":
    "integrity" "sha512-GwtOkkaT2LDI82uWZKcrpRQxP5tymLnC7hVHHqNkhFNknYr0hJUlDLfhVRgngJvAy3RwypkDCWtTKn1BjO96Dw=="
    "resolved" "https://registry.npmmirror.com/vite/-/vite-2.8.4.tgz"
    "version" "2.8.4"
    dependencies:
      "esbuild" "^0.14.14"
      "postcss" "^8.4.6"
      "resolve" "^1.22.0"
      "rollup" "^2.59.0"
    optionalDependencies:
      "fsevents" "~2.3.2"
  
  "void-elements@3.1.0":
    "integrity" "sha1-YU9/v42AHwu18GYfWy9XhXUOTwk="
    "resolved" "https://registry.npm.taobao.org/void-elements/download/void-elements-3.1.0.tgz"
    "version" "3.1.0"
  
  "yaml@^1.7.2":
    "integrity" "sha1-IwHF/78StGfejaIzOkWeKeeSDks="
    "resolved" "https://registry.npmmirror.com/yaml/download/yaml-1.10.2.tgz?cache=0&sync_timestamp=1636797252827&other_urls=https%3A%2F%2Fregistry.npmmirror.com%2Fyaml%2Fdownload%2Fyaml-1.10.2.tgz"
    "version" "1.10.2"
